2024-08-26 16:29:20 [restartedMain] INFO  com.cosek.edms.EdmsApplication - Starting EdmsApplication using Java 22.0.1 with PID 8392 (C:\Users\COSEKE\Desktop\Code\coseke-edms\target\classes started by COSEKE in C:\Users\COSEKE\Desktop\Code\coseke-edms)
2024-08-26 16:29:20 [restartedMain] INFO  com.cosek.edms.EdmsApplication - No active profile set, falling back to 1 default profile: "default"
2024-08-26 16:29:20 [restartedMain] INFO  o.s.d.r.c.RepositoryConfigurationDelegate - Bootstrapping Spring Data JPA repositories in DEFAULT mode.
2024-08-26 16:29:20 [restartedMain] INFO  o.s.d.r.c.RepositoryConfigurationDelegate - Finished Spring Data repository scanning in 53 ms. Found 8 JPA repository interfaces.
2024-08-26 16:29:21 [restartedMain] INFO  o.s.b.w.e.tomcat.TomcatWebServer - Tomcat initialized with port 7777 (http)
2024-08-26 16:29:21 [restartedMain] INFO  o.a.catalina.core.StandardService - Starting service [Tomcat]
2024-08-26 16:29:21 [restartedMain] INFO  o.a.catalina.core.StandardEngine - Starting Servlet engine: [Apache Tomcat/10.1.20]
2024-08-26 16:29:21 [restartedMain] INFO  o.a.c.c.C.[Tomcat].[localhost].[/] - Initializing Spring embedded WebApplicationContext
2024-08-26 16:29:21 [restartedMain] INFO  o.s.b.w.s.c.ServletWebServerApplicationContext - Root WebApplicationContext: initialization completed in 609 ms
2024-08-26 16:29:21 [restartedMain] INFO  o.h.jpa.internal.util.LogHelper - HHH000204: Processing PersistenceUnitInfo [name: default]
2024-08-26 16:29:21 [restartedMain] INFO  o.h.c.i.RegionFactoryInitiator - HHH000026: Second-level cache disabled
2024-08-26 16:29:21 [restartedMain] INFO  o.s.o.j.p.SpringPersistenceUnitInfo - No LoadTimeWeaver setup: ignoring JPA class transformer
2024-08-26 16:29:21 [restartedMain] INFO  com.zaxxer.hikari.HikariDataSource - HikariPool-4 - Starting...
2024-08-26 16:29:21 [restartedMain] INFO  com.zaxxer.hikari.pool.HikariPool - HikariPool-4 - Added connection ConnectionID:31 ClientConnectionId: d449aadc-1dcf-4f36-9b1e-bf0c96b2f651
2024-08-26 16:29:21 [restartedMain] INFO  com.zaxxer.hikari.HikariDataSource - HikariPool-4 - Start completed.
2024-08-26 16:29:21 [restartedMain] WARN  org.hibernate.orm.deprecation - HHH90000025: SQLServerDialect does not need to be specified explicitly using 'hibernate.dialect' (remove the property setting and it will be selected by default)
2024-08-26 16:29:21 [restartedMain] INFO  o.h.e.t.j.p.i.JtaPlatformInitiator - HHH000489: No JTA platform available (set 'hibernate.transaction.jta.platform' to enable JTA platform integration)
2024-08-26 16:29:22 [restartedMain] INFO  o.s.o.j.LocalContainerEntityManagerFactoryBean - Initialized JPA EntityManagerFactory for persistence unit 'default'
2024-08-26 16:29:22 [restartedMain] WARN  o.s.b.a.o.j.JpaBaseConfiguration$JpaWebConfiguration - spring.jpa.open-in-view is enabled by default. Therefore, database queries may be performed during view rendering. Explicitly configure spring.jpa.open-in-view to disable this warning
2024-08-26 16:29:22 [restartedMain] DEBUG o.s.w.s.m.m.a.RequestMappingHandlerMapping - 38 mappings in 'requestMappingHandlerMapping'
2024-08-26 16:29:22 [restartedMain] DEBUG o.s.w.s.h.SimpleUrlHandlerMapping - Patterns [/webjars/**, /**] in 'resourceHandlerMapping'
2024-08-26 16:29:22 [restartedMain] INFO  o.s.s.web.DefaultSecurityFilterChain - Will secure any request with [org.springframework.security.web.session.DisableEncodeUrlFilter@436aaca2, org.springframework.security.web.context.request.async.WebAsyncManagerIntegrationFilter@300980c8, org.springframework.security.web.context.SecurityContextHolderFilter@5766db80, org.springframework.security.web.header.HeaderWriterFilter@79cf7ef2, org.springframework.web.filter.CorsFilter@482d05a6, org.springframework.security.web.authentication.logout.LogoutFilter@5e75bca3, com.cosek.edms.config.JwtAuthenticationFilter@af2e694, org.springframework.security.web.savedrequest.RequestCacheAwareFilter@761fd8ed, org.springframework.security.web.servletapi.SecurityContextHolderAwareRequestFilter@74250032, org.springframework.security.web.authentication.AnonymousAuthenticationFilter@299b0a34, org.springframework.security.web.session.SessionManagementFilter@60a56caf, org.springframework.security.web.access.ExceptionTranslationFilter@17d6d1d0, org.springframework.security.web.access.intercept.AuthorizationFilter@a5d7156]
2024-08-26 16:29:22 [restartedMain] DEBUG o.s.w.s.m.m.a.RequestMappingHandlerAdapter - ControllerAdvice beans: 0 @ModelAttribute, 0 @InitBinder, 1 RequestBodyAdvice, 1 ResponseBodyAdvice
2024-08-26 16:29:22 [restartedMain] DEBUG o.s.w.s.m.m.a.ExceptionHandlerExceptionResolver - ControllerAdvice beans: 1 @ExceptionHandler, 1 ResponseBodyAdvice
2024-08-26 16:29:23 [restartedMain] INFO  o.s.b.d.a.OptionalLiveReloadServer - LiveReload server is running on port 35729
2024-08-26 16:29:23 [restartedMain] INFO  o.s.b.w.e.tomcat.TomcatWebServer - Tomcat started on port 7777 (http) with context path ''
2024-08-26 16:29:23 [restartedMain] INFO  com.cosek.edms.EdmsApplication - Started EdmsApplication in 2.657 seconds (process running for 363.544)
2024-08-26 16:29:23 [restartedMain] INFO  o.s.b.d.a.ConditionEvaluationDeltaLoggingListener - Condition evaluation unchanged
2024-08-26 16:30:04 [SpringApplicationShutdownHook] INFO  o.s.o.j.LocalContainerEntityManagerFactoryBean - Closing JPA EntityManagerFactory for persistence unit 'default'
2024-08-26 16:30:04 [SpringApplicationShutdownHook] INFO  com.zaxxer.hikari.HikariDataSource - HikariPool-4 - Shutdown initiated...
2024-08-26 16:30:04 [SpringApplicationShutdownHook] INFO  com.zaxxer.hikari.HikariDataSource - HikariPool-4 - Shutdown completed.
2024-08-26 16:31:52 [restartedMain] INFO  com.cosek.edms.EdmsApplication - Starting EdmsApplication using Java 22.0.1 with PID 5260 (C:\Users\COSEKE\Desktop\Code\coseke-edms\target\classes started by COSEKE in C:\Users\COSEKE\Desktop\Code\coseke-edms)
2024-08-26 16:31:52 [restartedMain] INFO  com.cosek.edms.EdmsApplication - No active profile set, falling back to 1 default profile: "default"
2024-08-26 16:31:52 [restartedMain] INFO  o.s.b.d.e.DevToolsPropertyDefaultsPostProcessor - Devtools property defaults active! Set 'spring.devtools.add-properties' to 'false' to disable
2024-08-26 16:31:52 [restartedMain] INFO  o.s.b.d.e.DevToolsPropertyDefaultsPostProcessor - For additional web related logging consider setting the 'logging.level.web' property to 'DEBUG'
2024-08-26 16:31:53 [restartedMain] INFO  o.s.d.r.c.RepositoryConfigurationDelegate - Bootstrapping Spring Data JPA repositories in DEFAULT mode.
2024-08-26 16:31:53 [restartedMain] INFO  o.s.d.r.c.RepositoryConfigurationDelegate - Finished Spring Data repository scanning in 85 ms. Found 8 JPA repository interfaces.
2024-08-26 16:31:54 [restartedMain] INFO  o.s.b.w.e.tomcat.TomcatWebServer - Tomcat initialized with port 7777 (http)
2024-08-26 16:31:54 [restartedMain] INFO  o.a.coyote.http11.Http11NioProtocol - Initializing ProtocolHandler ["http-nio-7777"]
2024-08-26 16:31:54 [restartedMain] INFO  o.a.catalina.core.StandardService - Starting service [Tomcat]
2024-08-26 16:31:54 [restartedMain] INFO  o.a.catalina.core.StandardEngine - Starting Servlet engine: [Apache Tomcat/10.1.20]
2024-08-26 16:31:55 [restartedMain] INFO  o.a.c.c.C.[Tomcat].[localhost].[/] - Initializing Spring embedded WebApplicationContext
2024-08-26 16:31:55 [restartedMain] INFO  o.s.b.w.s.c.ServletWebServerApplicationContext - Root WebApplicationContext: initialization completed in 2624 ms
2024-08-26 16:31:55 [restartedMain] INFO  o.h.jpa.internal.util.LogHelper - HHH000204: Processing PersistenceUnitInfo [name: default]
2024-08-26 16:31:55 [restartedMain] INFO  org.hibernate.Version - HHH000412: Hibernate ORM core version 6.4.8.Final
2024-08-26 16:31:55 [restartedMain] INFO  o.h.c.i.RegionFactoryInitiator - HHH000026: Second-level cache disabled
2024-08-26 16:31:55 [restartedMain] INFO  o.s.o.j.p.SpringPersistenceUnitInfo - No LoadTimeWeaver setup: ignoring JPA class transformer
2024-08-26 16:31:55 [restartedMain] INFO  com.zaxxer.hikari.HikariDataSource - HikariPool-1 - Starting...
2024-08-26 16:31:56 [restartedMain] INFO  com.zaxxer.hikari.pool.HikariPool - HikariPool-1 - Added connection ConnectionID:1 ClientConnectionId: 3e4459f8-0de4-4185-9ca2-4262796d89e4
2024-08-26 16:31:56 [restartedMain] INFO  com.zaxxer.hikari.HikariDataSource - HikariPool-1 - Start completed.
2024-08-26 16:31:56 [restartedMain] WARN  org.hibernate.orm.deprecation - HHH90000025: SQLServerDialect does not need to be specified explicitly using 'hibernate.dialect' (remove the property setting and it will be selected by default)
2024-08-26 16:31:57 [restartedMain] INFO  o.h.e.t.j.p.i.JtaPlatformInitiator - HHH000489: No JTA platform available (set 'hibernate.transaction.jta.platform' to enable JTA platform integration)
2024-08-26 16:31:59 [restartedMain] INFO  o.s.o.j.LocalContainerEntityManagerFactoryBean - Initialized JPA EntityManagerFactory for persistence unit 'default'
2024-08-26 16:31:59 [restartedMain] INFO  o.s.d.j.r.query.QueryEnhancerFactory - Hibernate is in classpath; If applicable, HQL parser will be used.
2024-08-26 16:32:00 [restartedMain] WARN  o.s.b.a.o.j.JpaBaseConfiguration$JpaWebConfiguration - spring.jpa.open-in-view is enabled by default. Therefore, database queries may be performed during view rendering. Explicitly configure spring.jpa.open-in-view to disable this warning
2024-08-26 16:32:00 [restartedMain] DEBUG o.s.w.s.m.m.a.RequestMappingHandlerMapping - 38 mappings in 'requestMappingHandlerMapping'
2024-08-26 16:32:00 [restartedMain] DEBUG o.s.w.s.h.SimpleUrlHandlerMapping - Patterns [/webjars/**, /**] in 'resourceHandlerMapping'
2024-08-26 16:32:00 [restartedMain] INFO  o.s.s.web.DefaultSecurityFilterChain - Will secure any request with [org.springframework.security.web.session.DisableEncodeUrlFilter@6707d822, org.springframework.security.web.context.request.async.WebAsyncManagerIntegrationFilter@68940f39, org.springframework.security.web.context.SecurityContextHolderFilter@5e7d3af3, org.springframework.security.web.header.HeaderWriterFilter@2987e7c6, org.springframework.web.filter.CorsFilter@39c46b3a, org.springframework.security.web.authentication.logout.LogoutFilter@4995da61, com.cosek.edms.config.JwtAuthenticationFilter@3c630251, org.springframework.security.web.savedrequest.RequestCacheAwareFilter@4896c42e, org.springframework.security.web.servletapi.SecurityContextHolderAwareRequestFilter@651ef157, org.springframework.security.web.authentication.AnonymousAuthenticationFilter@3a3cc326, org.springframework.security.web.session.SessionManagementFilter@27d7c625, org.springframework.security.web.access.ExceptionTranslationFilter@39ecbecd, org.springframework.security.web.access.intercept.AuthorizationFilter@62137ac]
2024-08-26 16:32:01 [restartedMain] DEBUG o.s.w.s.m.m.a.RequestMappingHandlerAdapter - ControllerAdvice beans: 0 @ModelAttribute, 0 @InitBinder, 1 RequestBodyAdvice, 1 ResponseBodyAdvice
2024-08-26 16:32:01 [restartedMain] DEBUG o.s.w.s.m.m.a.ExceptionHandlerExceptionResolver - ControllerAdvice beans: 1 @ExceptionHandler, 1 ResponseBodyAdvice
2024-08-26 16:32:01 [restartedMain] INFO  o.s.b.d.a.OptionalLiveReloadServer - LiveReload server is running on port 35729
2024-08-26 16:32:01 [restartedMain] INFO  o.a.coyote.http11.Http11NioProtocol - Starting ProtocolHandler ["http-nio-7777"]
2024-08-26 16:32:01 [restartedMain] INFO  o.s.b.w.e.tomcat.TomcatWebServer - Tomcat started on port 7777 (http) with context path ''
2024-08-26 16:32:01 [restartedMain] INFO  com.cosek.edms.EdmsApplication - Started EdmsApplication in 9.871 seconds (process running for 10.86)
2024-08-26 16:33:23 [File Watcher] INFO  o.s.b.d.a.LocalDevToolsAutoConfiguration$RestartingClassPathChangeChangedEventListener - Restarting due to 1 class path change (1 addition, 0 deletions, 0 modifications)
2024-08-26 16:33:23 [Thread-5] INFO  o.a.coyote.http11.Http11NioProtocol - Stopping ProtocolHandler ["http-nio-7777"]
2024-08-26 16:33:23 [Thread-5] INFO  o.s.o.j.LocalContainerEntityManagerFactoryBean - Closing JPA EntityManagerFactory for persistence unit 'default'
2024-08-26 16:33:23 [Thread-5] INFO  com.zaxxer.hikari.HikariDataSource - HikariPool-1 - Shutdown initiated...
2024-08-26 16:33:23 [Thread-5] INFO  com.zaxxer.hikari.HikariDataSource - HikariPool-1 - Shutdown completed.
2024-08-26 16:33:23 [restartedMain] INFO  com.cosek.edms.EdmsApplication - Starting EdmsApplication using Java 22.0.1 with PID 5260 (C:\Users\COSEKE\Desktop\Code\coseke-edms\target\classes started by COSEKE in C:\Users\COSEKE\Desktop\Code\coseke-edms)
2024-08-26 16:33:23 [restartedMain] INFO  com.cosek.edms.EdmsApplication - No active profile set, falling back to 1 default profile: "default"
2024-08-26 16:33:24 [restartedMain] INFO  o.s.d.r.c.RepositoryConfigurationDelegate - Bootstrapping Spring Data JPA repositories in DEFAULT mode.
2024-08-26 16:33:24 [restartedMain] INFO  o.s.d.r.c.RepositoryConfigurationDelegate - Finished Spring Data repository scanning in 53 ms. Found 8 JPA repository interfaces.
2024-08-26 16:33:24 [restartedMain] INFO  o.s.b.w.e.tomcat.TomcatWebServer - Tomcat initialized with port 7777 (http)
2024-08-26 16:33:24 [restartedMain] INFO  o.a.coyote.http11.Http11NioProtocol - Initializing ProtocolHandler ["http-nio-7777"]
2024-08-26 16:33:24 [restartedMain] INFO  o.a.catalina.core.StandardService - Starting service [Tomcat]
2024-08-26 16:33:24 [restartedMain] INFO  o.a.catalina.core.StandardEngine - Starting Servlet engine: [Apache Tomcat/10.1.20]
2024-08-26 16:33:24 [restartedMain] INFO  o.a.c.c.C.[Tomcat].[localhost].[/] - Initializing Spring embedded WebApplicationContext
2024-08-26 16:33:24 [restartedMain] INFO  o.s.b.w.s.c.ServletWebServerApplicationContext - Root WebApplicationContext: initialization completed in 756 ms
2024-08-26 16:33:24 [restartedMain] INFO  o.h.jpa.internal.util.LogHelper - HHH000204: Processing PersistenceUnitInfo [name: default]
2024-08-26 16:33:24 [restartedMain] INFO  o.h.c.i.RegionFactoryInitiator - HHH000026: Second-level cache disabled
2024-08-26 16:33:24 [restartedMain] INFO  o.s.o.j.p.SpringPersistenceUnitInfo - No LoadTimeWeaver setup: ignoring JPA class transformer
2024-08-26 16:33:24 [restartedMain] INFO  com.zaxxer.hikari.HikariDataSource - HikariPool-2 - Starting...
2024-08-26 16:33:24 [restartedMain] INFO  com.zaxxer.hikari.pool.HikariPool - HikariPool-2 - Added connection ConnectionID:11 ClientConnectionId: 558357d4-f852-4e6d-a2c0-2cd0f5c6810d
2024-08-26 16:33:24 [restartedMain] INFO  com.zaxxer.hikari.HikariDataSource - HikariPool-2 - Start completed.
2024-08-26 16:33:24 [restartedMain] WARN  org.hibernate.orm.deprecation - HHH90000025: SQLServerDialect does not need to be specified explicitly using 'hibernate.dialect' (remove the property setting and it will be selected by default)
2024-08-26 16:33:24 [restartedMain] INFO  o.h.e.t.j.p.i.JtaPlatformInitiator - HHH000489: No JTA platform available (set 'hibernate.transaction.jta.platform' to enable JTA platform integration)
2024-08-26 16:33:25 [restartedMain] INFO  o.s.o.j.LocalContainerEntityManagerFactoryBean - Initialized JPA EntityManagerFactory for persistence unit 'default'
2024-08-26 16:33:26 [restartedMain] WARN  o.s.b.a.o.j.JpaBaseConfiguration$JpaWebConfiguration - spring.jpa.open-in-view is enabled by default. Therefore, database queries may be performed during view rendering. Explicitly configure spring.jpa.open-in-view to disable this warning
2024-08-26 16:33:26 [restartedMain] DEBUG o.s.w.s.m.m.a.RequestMappingHandlerMapping - 38 mappings in 'requestMappingHandlerMapping'
2024-08-26 16:33:26 [restartedMain] DEBUG o.s.w.s.h.SimpleUrlHandlerMapping - Patterns [/webjars/**, /**] in 'resourceHandlerMapping'
2024-08-26 16:33:26 [restartedMain] INFO  o.s.s.web.DefaultSecurityFilterChain - Will secure any request with [org.springframework.security.web.session.DisableEncodeUrlFilter@733ce060, org.springframework.security.web.context.request.async.WebAsyncManagerIntegrationFilter@5159c3a1, org.springframework.security.web.context.SecurityContextHolderFilter@2cd92365, org.springframework.security.web.header.HeaderWriterFilter@201b0b19, org.springframework.web.filter.CorsFilter@228950b9, org.springframework.security.web.authentication.logout.LogoutFilter@2e919adc, com.cosek.edms.config.JwtAuthenticationFilter@43237af4, org.springframework.security.web.savedrequest.RequestCacheAwareFilter@2da97d3a, org.springframework.security.web.servletapi.SecurityContextHolderAwareRequestFilter@5592e855, org.springframework.security.web.authentication.AnonymousAuthenticationFilter@7d586c9, org.springframework.security.web.session.SessionManagementFilter@426b9a31, org.springframework.security.web.access.ExceptionTranslationFilter@1722da6e, org.springframework.security.web.access.intercept.AuthorizationFilter@aa5fb8a]
2024-08-26 16:33:26 [restartedMain] DEBUG o.s.w.s.m.m.a.RequestMappingHandlerAdapter - ControllerAdvice beans: 0 @ModelAttribute, 0 @InitBinder, 1 RequestBodyAdvice, 1 ResponseBodyAdvice
2024-08-26 16:33:26 [restartedMain] DEBUG o.s.w.s.m.m.a.ExceptionHandlerExceptionResolver - ControllerAdvice beans: 1 @ExceptionHandler, 1 ResponseBodyAdvice
2024-08-26 16:33:26 [restartedMain] INFO  o.s.b.d.a.OptionalLiveReloadServer - LiveReload server is running on port 35729
2024-08-26 16:33:26 [restartedMain] INFO  o.a.coyote.http11.Http11NioProtocol - Starting ProtocolHandler ["http-nio-7777"]
2024-08-26 16:33:26 [restartedMain] INFO  o.s.b.w.e.tomcat.TomcatWebServer - Tomcat started on port 7777 (http) with context path ''
2024-08-26 16:33:26 [restartedMain] INFO  com.cosek.edms.EdmsApplication - Started EdmsApplication in 2.622 seconds (process running for 95.663)
2024-08-26 16:33:26 [restartedMain] INFO  o.s.b.d.a.ConditionEvaluationDeltaLoggingListener - Condition evaluation unchanged
2024-08-26 16:33:59 [File Watcher] INFO  o.s.b.d.a.LocalDevToolsAutoConfiguration$RestartingClassPathChangeChangedEventListener - Restarting due to 1 class path change (0 additions, 0 deletions, 1 modification)
2024-08-26 16:33:59 [Thread-7] INFO  o.a.coyote.http11.Http11NioProtocol - Stopping ProtocolHandler ["http-nio-7777"]
2024-08-26 16:33:59 [Thread-7] INFO  o.s.o.j.LocalContainerEntityManagerFactoryBean - Closing JPA EntityManagerFactory for persistence unit 'default'
2024-08-26 16:33:59 [Thread-7] INFO  com.zaxxer.hikari.HikariDataSource - HikariPool-2 - Shutdown initiated...
2024-08-26 16:34:00 [Thread-7] INFO  com.zaxxer.hikari.HikariDataSource - HikariPool-2 - Shutdown completed.
2024-08-26 16:34:00 [restartedMain] INFO  com.cosek.edms.EdmsApplication - Starting EdmsApplication using Java 22.0.1 with PID 5260 (C:\Users\COSEKE\Desktop\Code\coseke-edms\target\classes started by COSEKE in C:\Users\COSEKE\Desktop\Code\coseke-edms)
2024-08-26 16:34:00 [restartedMain] INFO  com.cosek.edms.EdmsApplication - No active profile set, falling back to 1 default profile: "default"
2024-08-26 16:34:00 [restartedMain] INFO  o.s.d.r.c.RepositoryConfigurationDelegate - Bootstrapping Spring Data JPA repositories in DEFAULT mode.
2024-08-26 16:34:00 [restartedMain] INFO  o.s.d.r.c.RepositoryConfigurationDelegate - Finished Spring Data repository scanning in 44 ms. Found 8 JPA repository interfaces.
2024-08-26 16:34:00 [restartedMain] INFO  o.s.b.w.e.tomcat.TomcatWebServer - Tomcat initialized with port 7777 (http)
2024-08-26 16:34:00 [restartedMain] INFO  o.a.coyote.http11.Http11NioProtocol - Initializing ProtocolHandler ["http-nio-7777"]
2024-08-26 16:34:00 [restartedMain] INFO  o.a.catalina.core.StandardService - Starting service [Tomcat]
2024-08-26 16:34:00 [restartedMain] INFO  o.a.catalina.core.StandardEngine - Starting Servlet engine: [Apache Tomcat/10.1.20]
2024-08-26 16:34:00 [restartedMain] INFO  o.a.c.c.C.[Tomcat].[localhost].[/] - Initializing Spring embedded WebApplicationContext
2024-08-26 16:34:00 [restartedMain] INFO  o.s.b.w.s.c.ServletWebServerApplicationContext - Root WebApplicationContext: initialization completed in 580 ms
2024-08-26 16:34:00 [restartedMain] INFO  o.h.jpa.internal.util.LogHelper - HHH000204: Processing PersistenceUnitInfo [name: default]
2024-08-26 16:34:00 [restartedMain] INFO  o.h.c.i.RegionFactoryInitiator - HHH000026: Second-level cache disabled
2024-08-26 16:34:00 [restartedMain] INFO  o.s.o.j.p.SpringPersistenceUnitInfo - No LoadTimeWeaver setup: ignoring JPA class transformer
2024-08-26 16:34:00 [restartedMain] INFO  com.zaxxer.hikari.HikariDataSource - HikariPool-3 - Starting...
2024-08-26 16:34:00 [restartedMain] INFO  com.zaxxer.hikari.pool.HikariPool - HikariPool-3 - Added connection ConnectionID:21 ClientConnectionId: 218ddc3e-351e-471b-8845-5b899a7a978f
2024-08-26 16:34:00 [restartedMain] INFO  com.zaxxer.hikari.HikariDataSource - HikariPool-3 - Start completed.
2024-08-26 16:34:00 [restartedMain] WARN  org.hibernate.orm.deprecation - HHH90000025: SQLServerDialect does not need to be specified explicitly using 'hibernate.dialect' (remove the property setting and it will be selected by default)
2024-08-26 16:34:01 [restartedMain] INFO  o.h.e.t.j.p.i.JtaPlatformInitiator - HHH000489: No JTA platform available (set 'hibernate.transaction.jta.platform' to enable JTA platform integration)
2024-08-26 16:34:02 [restartedMain] INFO  o.s.o.j.LocalContainerEntityManagerFactoryBean - Initialized JPA EntityManagerFactory for persistence unit 'default'
2024-08-26 16:34:02 [restartedMain] WARN  o.s.b.a.o.j.JpaBaseConfiguration$JpaWebConfiguration - spring.jpa.open-in-view is enabled by default. Therefore, database queries may be performed during view rendering. Explicitly configure spring.jpa.open-in-view to disable this warning
2024-08-26 16:34:02 [restartedMain] DEBUG o.s.w.s.m.m.a.RequestMappingHandlerMapping - 38 mappings in 'requestMappingHandlerMapping'
2024-08-26 16:34:02 [restartedMain] DEBUG o.s.w.s.h.SimpleUrlHandlerMapping - Patterns [/webjars/**, /**] in 'resourceHandlerMapping'
2024-08-26 16:34:02 [restartedMain] INFO  o.s.s.web.DefaultSecurityFilterChain - Will secure any request with [org.springframework.security.web.session.DisableEncodeUrlFilter@715e2f0d, org.springframework.security.web.context.request.async.WebAsyncManagerIntegrationFilter@7eb9b92e, org.springframework.security.web.context.SecurityContextHolderFilter@6bb92a50, org.springframework.security.web.header.HeaderWriterFilter@7b69decf, org.springframework.web.filter.CorsFilter@29e208d0, org.springframework.security.web.authentication.logout.LogoutFilter@726fa0e8, com.cosek.edms.config.JwtAuthenticationFilter@76e8f2ba, org.springframework.security.web.savedrequest.RequestCacheAwareFilter@2d9dfd9b, org.springframework.security.web.servletapi.SecurityContextHolderAwareRequestFilter@1837c141, org.springframework.security.web.authentication.AnonymousAuthenticationFilter@7cfc63c, org.springframework.security.web.session.SessionManagementFilter@b987821, org.springframework.security.web.access.ExceptionTranslationFilter@52a29804, org.springframework.security.web.access.intercept.AuthorizationFilter@16471888]
2024-08-26 16:34:02 [restartedMain] DEBUG o.s.w.s.m.m.a.RequestMappingHandlerAdapter - ControllerAdvice beans: 0 @ModelAttribute, 0 @InitBinder, 1 RequestBodyAdvice, 1 ResponseBodyAdvice
2024-08-26 16:34:02 [restartedMain] DEBUG o.s.w.s.m.m.a.ExceptionHandlerExceptionResolver - ControllerAdvice beans: 1 @ExceptionHandler, 1 ResponseBodyAdvice
2024-08-26 16:34:02 [restartedMain] INFO  o.s.b.d.a.OptionalLiveReloadServer - LiveReload server is running on port 35729
2024-08-26 16:34:02 [restartedMain] INFO  o.a.coyote.http11.Http11NioProtocol - Starting ProtocolHandler ["http-nio-7777"]
2024-08-26 16:34:02 [restartedMain] INFO  o.s.b.w.e.tomcat.TomcatWebServer - Tomcat started on port 7777 (http) with context path ''
2024-08-26 16:34:02 [restartedMain] INFO  com.cosek.edms.EdmsApplication - Started EdmsApplication in 2.577 seconds (process running for 132.059)
2024-08-26 16:34:02 [restartedMain] INFO  o.s.b.d.a.ConditionEvaluationDeltaLoggingListener - Condition evaluation unchanged
2024-08-26 16:34:36 [File Watcher] INFO  o.s.b.d.a.LocalDevToolsAutoConfiguration$RestartingClassPathChangeChangedEventListener - Restarting due to 2 class path changes (0 additions, 0 deletions, 2 modifications)
2024-08-26 16:34:36 [Thread-11] INFO  o.a.coyote.http11.Http11NioProtocol - Stopping ProtocolHandler ["http-nio-7777"]
2024-08-26 16:34:36 [Thread-11] INFO  o.s.o.j.LocalContainerEntityManagerFactoryBean - Closing JPA EntityManagerFactory for persistence unit 'default'
2024-08-26 16:34:36 [Thread-11] INFO  com.zaxxer.hikari.HikariDataSource - HikariPool-3 - Shutdown initiated...
2024-08-26 16:34:36 [Thread-11] INFO  com.zaxxer.hikari.HikariDataSource - HikariPool-3 - Shutdown completed.
2024-08-26 16:34:36 [restartedMain] INFO  com.cosek.edms.EdmsApplication - Starting EdmsApplication using Java 22.0.1 with PID 5260 (C:\Users\COSEKE\Desktop\Code\coseke-edms\target\classes started by COSEKE in C:\Users\COSEKE\Desktop\Code\coseke-edms)
2024-08-26 16:34:36 [restartedMain] INFO  com.cosek.edms.EdmsApplication - No active profile set, falling back to 1 default profile: "default"
2024-08-26 16:34:36 [restartedMain] INFO  o.s.d.r.c.RepositoryConfigurationDelegate - Bootstrapping Spring Data JPA repositories in DEFAULT mode.
2024-08-26 16:34:36 [restartedMain] INFO  o.s.d.r.c.RepositoryConfigurationDelegate - Finished Spring Data repository scanning in 45 ms. Found 8 JPA repository interfaces.
2024-08-26 16:34:36 [restartedMain] INFO  o.s.b.w.e.tomcat.TomcatWebServer - Tomcat initialized with port 7777 (http)
2024-08-26 16:34:36 [restartedMain] INFO  o.a.coyote.http11.Http11NioProtocol - Initializing ProtocolHandler ["http-nio-7777"]
2024-08-26 16:34:36 [restartedMain] INFO  o.a.catalina.core.StandardService - Starting service [Tomcat]
2024-08-26 16:34:36 [restartedMain] INFO  o.a.catalina.core.StandardEngine - Starting Servlet engine: [Apache Tomcat/10.1.20]
2024-08-26 16:34:37 [restartedMain] INFO  o.a.c.c.C.[Tomcat].[localhost].[/] - Initializing Spring embedded WebApplicationContext
2024-08-26 16:34:37 [restartedMain] INFO  o.s.b.w.s.c.ServletWebServerApplicationContext - Root WebApplicationContext: initialization completed in 593 ms
2024-08-26 16:34:37 [restartedMain] INFO  o.h.jpa.internal.util.LogHelper - HHH000204: Processing PersistenceUnitInfo [name: default]
2024-08-26 16:34:37 [restartedMain] INFO  o.h.c.i.RegionFactoryInitiator - HHH000026: Second-level cache disabled
2024-08-26 16:34:37 [restartedMain] INFO  o.s.o.j.p.SpringPersistenceUnitInfo - No LoadTimeWeaver setup: ignoring JPA class transformer
2024-08-26 16:34:37 [restartedMain] INFO  com.zaxxer.hikari.HikariDataSource - HikariPool-4 - Starting...
2024-08-26 16:34:37 [restartedMain] INFO  com.zaxxer.hikari.pool.HikariPool - HikariPool-4 - Added connection ConnectionID:31 ClientConnectionId: cf11daf4-5e66-477f-a8a3-4eca73184a4a
2024-08-26 16:34:37 [restartedMain] INFO  com.zaxxer.hikari.HikariDataSource - HikariPool-4 - Start completed.
2024-08-26 16:34:37 [restartedMain] WARN  org.hibernate.orm.deprecation - HHH90000025: SQLServerDialect does not need to be specified explicitly using 'hibernate.dialect' (remove the property setting and it will be selected by default)
2024-08-26 16:34:37 [restartedMain] INFO  o.h.e.t.j.p.i.JtaPlatformInitiator - HHH000489: No JTA platform available (set 'hibernate.transaction.jta.platform' to enable JTA platform integration)
2024-08-26 16:34:37 [restartedMain] INFO  o.s.o.j.LocalContainerEntityManagerFactoryBean - Initialized JPA EntityManagerFactory for persistence unit 'default'
2024-08-26 16:34:37 [restartedMain] WARN  o.s.b.a.o.j.JpaBaseConfiguration$JpaWebConfiguration - spring.jpa.open-in-view is enabled by default. Therefore, database queries may be performed during view rendering. Explicitly configure spring.jpa.open-in-view to disable this warning
2024-08-26 16:34:37 [restartedMain] DEBUG o.s.w.s.m.m.a.RequestMappingHandlerMapping - 38 mappings in 'requestMappingHandlerMapping'
2024-08-26 16:34:37 [restartedMain] DEBUG o.s.w.s.h.SimpleUrlHandlerMapping - Patterns [/webjars/**, /**] in 'resourceHandlerMapping'
2024-08-26 16:34:37 [restartedMain] WARN  o.s.b.w.s.c.AnnotationConfigServletWebServerApplicationContext - Exception encountered during context initialization - cancelling refresh attempt: org.springframework.beans.factory.UnsatisfiedDependencyException: Error creating bean with name 'org.springframework.security.config.annotation.web.configuration.WebSecurityConfiguration': Unsatisfied dependency expressed through method 'setFilterChains' parameter 0: Error creating bean with name 'securityFilterChain' defined in class path resource [com/cosek/edms/config/SecurityConfiguration.class]: Failed to instantiate [org.springframework.security.web.SecurityFilterChain]: Factory method 'securityFilterChain' threw exception with message: Unresolved compilation problem: 
	requestLoggingFilter cannot be resolved to a variable

2024-08-26 16:34:37 [restartedMain] INFO  o.s.o.j.LocalContainerEntityManagerFactoryBean - Closing JPA EntityManagerFactory for persistence unit 'default'
2024-08-26 16:34:37 [restartedMain] INFO  com.zaxxer.hikari.HikariDataSource - HikariPool-4 - Shutdown initiated...
2024-08-26 16:34:37 [restartedMain] INFO  com.zaxxer.hikari.HikariDataSource - HikariPool-4 - Shutdown completed.
2024-08-26 16:34:37 [restartedMain] INFO  o.a.catalina.core.StandardService - Stopping service [Tomcat]
2024-08-26 16:34:37 [restartedMain] INFO  o.s.b.a.l.ConditionEvaluationReportLogger - 

Error starting ApplicationContext. To display the condition evaluation report re-run your application with 'debug' enabled.
2024-08-26 16:34:37 [restartedMain] ERROR o.s.boot.SpringApplication - Application run failed
org.springframework.beans.factory.UnsatisfiedDependencyException: Error creating bean with name 'org.springframework.security.config.annotation.web.configuration.WebSecurityConfiguration': Unsatisfied dependency expressed through method 'setFilterChains' parameter 0: Error creating bean with name 'securityFilterChain' defined in class path resource [com/cosek/edms/config/SecurityConfiguration.class]: Failed to instantiate [org.springframework.security.web.SecurityFilterChain]: Factory method 'securityFilterChain' threw exception with message: Unresolved compilation problem: 
	requestLoggingFilter cannot be resolved to a variable

	at org.springframework.beans.factory.annotation.AutowiredAnnotationBeanPostProcessor$AutowiredMethodElement.resolveMethodArguments(AutowiredAnnotationBeanPostProcessor.java:895)
	at org.springframework.beans.factory.annotation.AutowiredAnnotationBeanPostProcessor$AutowiredMethodElement.inject(AutowiredAnnotationBeanPostProcessor.java:848)
	at org.springframework.beans.factory.annotation.InjectionMetadata.inject(InjectionMetadata.java:145)
	at org.springframework.beans.factory.annotation.AutowiredAnnotationBeanPostProcessor.postProcessProperties(AutowiredAnnotationBeanPostProcessor.java:508)
	at org.springframework.beans.factory.support.AbstractAutowireCapableBeanFactory.populateBean(AbstractAutowireCapableBeanFactory.java:1421)
	at org.springframework.beans.factory.support.AbstractAutowireCapableBeanFactory.doCreateBean(AbstractAutowireCapableBeanFactory.java:599)
	at org.springframework.beans.factory.support.AbstractAutowireCapableBeanFactory.createBean(AbstractAutowireCapableBeanFactory.java:522)
	at org.springframework.beans.factory.support.AbstractBeanFactory.lambda$doGetBean$0(AbstractBeanFactory.java:337)
	at org.springframework.beans.factory.support.DefaultSingletonBeanRegistry.getSingleton(DefaultSingletonBeanRegistry.java:234)
	at org.springframework.beans.factory.support.AbstractBeanFactory.doGetBean(AbstractBeanFactory.java:335)
	at org.springframework.beans.factory.support.AbstractBeanFactory.getBean(AbstractBeanFactory.java:200)
	at org.springframework.beans.factory.support.DefaultListableBeanFactory.preInstantiateSingletons(DefaultListableBeanFactory.java:975)
	at org.springframework.context.support.AbstractApplicationContext.finishBeanFactoryInitialization(AbstractApplicationContext.java:962)
	at org.springframework.context.support.AbstractApplicationContext.refresh(AbstractApplicationContext.java:624)
	at org.springframework.boot.web.servlet.context.ServletWebServerApplicationContext.refresh(ServletWebServerApplicationContext.java:146)
	at org.springframework.boot.SpringApplication.refresh(SpringApplication.java:754)
	at org.springframework.boot.SpringApplication.refreshContext(SpringApplication.java:456)
	at org.springframework.boot.SpringApplication.run(SpringApplication.java:335)
	at org.springframework.boot.SpringApplication.run(SpringApplication.java:1363)
	at org.springframework.boot.SpringApplication.run(SpringApplication.java:1352)
	at com.cosek.edms.EdmsApplication.main(EdmsApplication.java:16)
	at java.base/jdk.internal.reflect.DirectMethodHandleAccessor.invoke(DirectMethodHandleAccessor.java:103)
	at java.base/java.lang.reflect.Method.invoke(Method.java:580)
	at org.springframework.boot.devtools.restart.RestartLauncher.run(RestartLauncher.java:50)
Caused by: org.springframework.beans.factory.BeanCreationException: Error creating bean with name 'securityFilterChain' defined in class path resource [com/cosek/edms/config/SecurityConfiguration.class]: Failed to instantiate [org.springframework.security.web.SecurityFilterChain]: Factory method 'securityFilterChain' threw exception with message: Unresolved compilation problem: 
	requestLoggingFilter cannot be resolved to a variable

	at org.springframework.beans.factory.support.ConstructorResolver.instantiate(ConstructorResolver.java:648)
	at org.springframework.beans.factory.support.ConstructorResolver.instantiateUsingFactoryMethod(ConstructorResolver.java:636)
	at org.springframework.beans.factory.support.AbstractAutowireCapableBeanFactory.instantiateUsingFactoryMethod(AbstractAutowireCapableBeanFactory.java:1337)
	at org.springframework.beans.factory.support.AbstractAutowireCapableBeanFactory.createBeanInstance(AbstractAutowireCapableBeanFactory.java:1167)
	at org.springframework.beans.factory.support.AbstractAutowireCapableBeanFactory.doCreateBean(AbstractAutowireCapableBeanFactory.java:562)
	at org.springframework.beans.factory.support.AbstractAutowireCapableBeanFactory.createBean(AbstractAutowireCapableBeanFactory.java:522)
	at org.springframework.beans.factory.support.AbstractBeanFactory.lambda$doGetBean$0(AbstractBeanFactory.java:337)
	at org.springframework.beans.factory.support.DefaultSingletonBeanRegistry.getSingleton(DefaultSingletonBeanRegistry.java:234)
	at org.springframework.beans.factory.support.AbstractBeanFactory.doGetBean(AbstractBeanFactory.java:335)
	at org.springframework.beans.factory.support.AbstractBeanFactory.getBean(AbstractBeanFactory.java:200)
	at org.springframework.beans.factory.config.DependencyDescriptor.resolveCandidate(DependencyDescriptor.java:254)
	at org.springframework.beans.factory.support.DefaultListableBeanFactory.addCandidateEntry(DefaultListableBeanFactory.java:1689)
	at org.springframework.beans.factory.support.DefaultListableBeanFactory.findAutowireCandidates(DefaultListableBeanFactory.java:1653)
	at org.springframework.beans.factory.support.DefaultListableBeanFactory.resolveMultipleBeanCollection(DefaultListableBeanFactory.java:1543)
	at org.springframework.beans.factory.support.DefaultListableBeanFactory.resolveMultipleBeans(DefaultListableBeanFactory.java:1511)
	at org.springframework.beans.factory.support.DefaultListableBeanFactory.doResolveDependency(DefaultListableBeanFactory.java:1392)
	at org.springframework.beans.factory.support.DefaultListableBeanFactory.resolveDependency(DefaultListableBeanFactory.java:1353)
	at org.springframework.beans.factory.annotation.AutowiredAnnotationBeanPostProcessor$AutowiredMethodElement.resolveMethodArguments(AutowiredAnnotationBeanPostProcessor.java:887)
	... 23 common frames omitted
Caused by: org.springframework.beans.BeanInstantiationException: Failed to instantiate [org.springframework.security.web.SecurityFilterChain]: Factory method 'securityFilterChain' threw exception with message: Unresolved compilation problem: 
	requestLoggingFilter cannot be resolved to a variable

	at org.springframework.beans.factory.support.SimpleInstantiationStrategy.instantiate(SimpleInstantiationStrategy.java:177)
	at org.springframework.beans.factory.support.ConstructorResolver.instantiate(ConstructorResolver.java:644)
	... 40 common frames omitted
Caused by: java.lang.Error: Unresolved compilation problem: 
	requestLoggingFilter cannot be resolved to a variable

	at com.cosek.edms.config.SecurityConfiguration.securityFilterChain(SecurityConfiguration.java:47)
	at com.cosek.edms.config.SecurityConfiguration$$SpringCGLIB$$0.CGLIB$securityFilterChain$0(<generated>)
	at com.cosek.edms.config.SecurityConfiguration$$SpringCGLIB$$FastClass$$1.invoke(<generated>)
	at org.springframework.cglib.proxy.MethodProxy.invokeSuper(MethodProxy.java:258)
	at org.springframework.context.annotation.ConfigurationClassEnhancer$BeanMethodInterceptor.intercept(ConfigurationClassEnhancer.java:339)
	at com.cosek.edms.config.SecurityConfiguration$$SpringCGLIB$$0.securityFilterChain(<generated>)
	at java.base/jdk.internal.reflect.DirectMethodHandleAccessor.invoke(DirectMethodHandleAccessor.java:103)
	at java.base/java.lang.reflect.Method.invoke(Method.java:580)
	at org.springframework.beans.factory.support.SimpleInstantiationStrategy.instantiate(SimpleInstantiationStrategy.java:140)
	... 41 common frames omitted
2024-08-26 16:34:53 [restartedMain] INFO  com.cosek.edms.EdmsApplication - Starting EdmsApplication using Java 22.0.1 with PID 20284 (C:\Users\COSEKE\Desktop\Code\coseke-edms\target\classes started by COSEKE in C:\Users\COSEKE\Desktop\Code\coseke-edms)
2024-08-26 16:34:53 [restartedMain] INFO  com.cosek.edms.EdmsApplication - No active profile set, falling back to 1 default profile: "default"
2024-08-26 16:34:53 [restartedMain] INFO  o.s.b.d.e.DevToolsPropertyDefaultsPostProcessor - Devtools property defaults active! Set 'spring.devtools.add-properties' to 'false' to disable
2024-08-26 16:34:53 [restartedMain] INFO  o.s.b.d.e.DevToolsPropertyDefaultsPostProcessor - For additional web related logging consider setting the 'logging.level.web' property to 'DEBUG'
2024-08-26 16:34:55 [restartedMain] INFO  o.s.d.r.c.RepositoryConfigurationDelegate - Bootstrapping Spring Data JPA repositories in DEFAULT mode.
2024-08-26 16:34:55 [restartedMain] INFO  o.s.d.r.c.RepositoryConfigurationDelegate - Finished Spring Data repository scanning in 94 ms. Found 8 JPA repository interfaces.
2024-08-26 16:34:56 [restartedMain] INFO  o.s.b.w.e.tomcat.TomcatWebServer - Tomcat initialized with port 7777 (http)
2024-08-26 16:34:56 [restartedMain] INFO  o.a.coyote.http11.Http11NioProtocol - Initializing ProtocolHandler ["http-nio-7777"]
2024-08-26 16:34:56 [restartedMain] INFO  o.a.catalina.core.StandardService - Starting service [Tomcat]
2024-08-26 16:34:56 [restartedMain] INFO  o.a.catalina.core.StandardEngine - Starting Servlet engine: [Apache Tomcat/10.1.20]
2024-08-26 16:34:56 [restartedMain] INFO  o.a.c.c.C.[Tomcat].[localhost].[/] - Initializing Spring embedded WebApplicationContext
2024-08-26 16:34:56 [restartedMain] INFO  o.s.b.w.s.c.ServletWebServerApplicationContext - Root WebApplicationContext: initialization completed in 2646 ms
2024-08-26 16:34:56 [restartedMain] INFO  o.h.jpa.internal.util.LogHelper - HHH000204: Processing PersistenceUnitInfo [name: default]
2024-08-26 16:34:56 [restartedMain] INFO  org.hibernate.Version - HHH000412: Hibernate ORM core version 6.4.8.Final
2024-08-26 16:34:56 [restartedMain] INFO  o.h.c.i.RegionFactoryInitiator - HHH000026: Second-level cache disabled
2024-08-26 16:34:57 [restartedMain] INFO  o.s.o.j.p.SpringPersistenceUnitInfo - No LoadTimeWeaver setup: ignoring JPA class transformer
2024-08-26 16:34:57 [restartedMain] INFO  com.zaxxer.hikari.HikariDataSource - HikariPool-1 - Starting...
2024-08-26 16:34:57 [restartedMain] INFO  com.zaxxer.hikari.pool.HikariPool - HikariPool-1 - Added connection ConnectionID:1 ClientConnectionId: 22a1a8e8-bbe8-4635-abe6-a40499fea8c9
2024-08-26 16:34:57 [restartedMain] INFO  com.zaxxer.hikari.HikariDataSource - HikariPool-1 - Start completed.
2024-08-26 16:34:57 [restartedMain] WARN  org.hibernate.orm.deprecation - HHH90000025: SQLServerDialect does not need to be specified explicitly using 'hibernate.dialect' (remove the property setting and it will be selected by default)
2024-08-26 16:34:59 [restartedMain] INFO  o.h.e.t.j.p.i.JtaPlatformInitiator - HHH000489: No JTA platform available (set 'hibernate.transaction.jta.platform' to enable JTA platform integration)
2024-08-26 16:35:00 [restartedMain] INFO  o.s.o.j.LocalContainerEntityManagerFactoryBean - Initialized JPA EntityManagerFactory for persistence unit 'default'
2024-08-26 16:35:01 [restartedMain] WARN  o.s.b.w.s.c.AnnotationConfigServletWebServerApplicationContext - Exception encountered during context initialization - cancelling refresh attempt: org.springframework.beans.factory.UnsatisfiedDependencyException: Error creating bean with name 'authenticationController' defined in file [C:\Users\COSEKE\Desktop\Code\coseke-edms\target\classes\com\cosek\edms\authentication\AuthenticationController.class]: Unsatisfied dependency expressed through constructor parameter 0: Error creating bean with name 'authenticationService' defined in file [C:\Users\COSEKE\Desktop\Code\coseke-edms\target\classes\com\cosek\edms\authentication\AuthenticationService.class]: Unsatisfied dependency expressed through constructor parameter 4: Error creating bean with name 'authenticationManager' defined in class path resource [com/cosek/edms/config/ApplicationConfig.class]: Failed to instantiate [org.springframework.security.authentication.AuthenticationManager]: Factory method 'authenticationManager' threw exception with message: Error creating bean with name 'securityConfiguration' defined in file [C:\Users\COSEKE\Desktop\Code\coseke-edms\target\classes\com\cosek\edms\config\SecurityConfiguration.class]: Unsatisfied dependency expressed through constructor parameter 2: No qualifying bean of type 'com.cosek.edms.config.RequestLoggingFilter' available: expected at least 1 bean which qualifies as autowire candidate. Dependency annotations: {}
2024-08-26 16:35:01 [restartedMain] INFO  o.s.o.j.LocalContainerEntityManagerFactoryBean - Closing JPA EntityManagerFactory for persistence unit 'default'
2024-08-26 16:35:01 [restartedMain] INFO  com.zaxxer.hikari.HikariDataSource - HikariPool-1 - Shutdown initiated...
2024-08-26 16:35:01 [restartedMain] INFO  com.zaxxer.hikari.HikariDataSource - HikariPool-1 - Shutdown completed.
2024-08-26 16:35:01 [restartedMain] INFO  o.a.catalina.core.StandardService - Stopping service [Tomcat]
2024-08-26 16:35:01 [restartedMain] INFO  o.s.b.a.l.ConditionEvaluationReportLogger - 

Error starting ApplicationContext. To display the condition evaluation report re-run your application with 'debug' enabled.
2024-08-26 16:35:01 [restartedMain] ERROR o.s.b.d.LoggingFailureAnalysisReporter - 

***************************
APPLICATION FAILED TO START
***************************

Description:

Parameter 2 of constructor in com.cosek.edms.config.SecurityConfiguration required a bean of type 'com.cosek.edms.config.RequestLoggingFilter' that could not be found.


Action:

Consider defining a bean of type 'com.cosek.edms.config.RequestLoggingFilter' in your configuration.

2024-08-26 16:35:35 [restartedMain] INFO  com.cosek.edms.EdmsApplication - Starting EdmsApplication using Java 22.0.1 with PID 15652 (C:\Users\COSEKE\Desktop\Code\coseke-edms\target\classes started by COSEKE in C:\Users\COSEKE\Desktop\Code\coseke-edms)
2024-08-26 16:35:35 [restartedMain] INFO  com.cosek.edms.EdmsApplication - No active profile set, falling back to 1 default profile: "default"
2024-08-26 16:35:35 [restartedMain] INFO  o.s.b.d.e.DevToolsPropertyDefaultsPostProcessor - Devtools property defaults active! Set 'spring.devtools.add-properties' to 'false' to disable
2024-08-26 16:35:35 [restartedMain] INFO  o.s.b.d.e.DevToolsPropertyDefaultsPostProcessor - For additional web related logging consider setting the 'logging.level.web' property to 'DEBUG'
2024-08-26 16:35:37 [restartedMain] INFO  o.s.d.r.c.RepositoryConfigurationDelegate - Bootstrapping Spring Data JPA repositories in DEFAULT mode.
2024-08-26 16:35:37 [restartedMain] INFO  o.s.d.r.c.RepositoryConfigurationDelegate - Finished Spring Data repository scanning in 82 ms. Found 8 JPA repository interfaces.
2024-08-26 16:35:38 [restartedMain] INFO  o.s.b.w.e.tomcat.TomcatWebServer - Tomcat initialized with port 7777 (http)
2024-08-26 16:35:38 [restartedMain] INFO  o.a.coyote.http11.Http11NioProtocol - Initializing ProtocolHandler ["http-nio-7777"]
2024-08-26 16:35:38 [restartedMain] INFO  o.a.catalina.core.StandardService - Starting service [Tomcat]
2024-08-26 16:35:38 [restartedMain] INFO  o.a.catalina.core.StandardEngine - Starting Servlet engine: [Apache Tomcat/10.1.20]
2024-08-26 16:35:38 [restartedMain] INFO  o.a.c.c.C.[Tomcat].[localhost].[/] - Initializing Spring embedded WebApplicationContext
2024-08-26 16:35:38 [restartedMain] INFO  o.s.b.w.s.c.ServletWebServerApplicationContext - Root WebApplicationContext: initialization completed in 2527 ms
2024-08-26 16:35:38 [restartedMain] INFO  o.h.jpa.internal.util.LogHelper - HHH000204: Processing PersistenceUnitInfo [name: default]
2024-08-26 16:35:38 [restartedMain] INFO  org.hibernate.Version - HHH000412: Hibernate ORM core version 6.4.8.Final
2024-08-26 16:35:38 [restartedMain] INFO  o.h.c.i.RegionFactoryInitiator - HHH000026: Second-level cache disabled
2024-08-26 16:35:39 [restartedMain] INFO  o.s.o.j.p.SpringPersistenceUnitInfo - No LoadTimeWeaver setup: ignoring JPA class transformer
2024-08-26 16:35:39 [restartedMain] INFO  com.zaxxer.hikari.HikariDataSource - HikariPool-1 - Starting...
2024-08-26 16:35:39 [restartedMain] INFO  com.zaxxer.hikari.pool.HikariPool - HikariPool-1 - Added connection ConnectionID:1 ClientConnectionId: 3c21b923-5d4d-4724-bb66-d913389745dd
2024-08-26 16:35:39 [restartedMain] INFO  com.zaxxer.hikari.HikariDataSource - HikariPool-1 - Start completed.
2024-08-26 16:35:39 [restartedMain] WARN  org.hibernate.orm.deprecation - HHH90000025: SQLServerDialect does not need to be specified explicitly using 'hibernate.dialect' (remove the property setting and it will be selected by default)
2024-08-26 16:35:41 [restartedMain] INFO  o.h.e.t.j.p.i.JtaPlatformInitiator - HHH000489: No JTA platform available (set 'hibernate.transaction.jta.platform' to enable JTA platform integration)
2024-08-26 16:35:41 [restartedMain] INFO  o.s.o.j.LocalContainerEntityManagerFactoryBean - Initialized JPA EntityManagerFactory for persistence unit 'default'
2024-08-26 16:35:42 [restartedMain] INFO  o.s.d.j.r.query.QueryEnhancerFactory - Hibernate is in classpath; If applicable, HQL parser will be used.
2024-08-26 16:35:42 [restartedMain] WARN  o.s.b.a.o.j.JpaBaseConfiguration$JpaWebConfiguration - spring.jpa.open-in-view is enabled by default. Therefore, database queries may be performed during view rendering. Explicitly configure spring.jpa.open-in-view to disable this warning
2024-08-26 16:35:43 [restartedMain] DEBUG o.s.w.s.m.m.a.RequestMappingHandlerMapping - 38 mappings in 'requestMappingHandlerMapping'
2024-08-26 16:35:43 [restartedMain] DEBUG o.s.w.s.h.SimpleUrlHandlerMapping - Patterns [/webjars/**, /**] in 'resourceHandlerMapping'
2024-08-26 16:35:43 [restartedMain] INFO  o.s.s.web.DefaultSecurityFilterChain - Will secure any request with [org.springframework.security.web.session.DisableEncodeUrlFilter@492c7593, org.springframework.security.web.context.request.async.WebAsyncManagerIntegrationFilter@1e526b24, org.springframework.security.web.context.SecurityContextHolderFilter@6323ca8b, org.springframework.security.web.header.HeaderWriterFilter@2e7fc2d6, org.springframework.web.filter.CorsFilter@2e471227, org.springframework.security.web.authentication.logout.LogoutFilter@4639324f, com.cosek.edms.config.RequestLoggingFilter@32def2bd, com.cosek.edms.config.JwtAuthenticationFilter@3d6f63f4, org.springframework.security.web.savedrequest.RequestCacheAwareFilter@3101cfe0, org.springframework.security.web.servletapi.SecurityContextHolderAwareRequestFilter@6df80f15, org.springframework.security.web.authentication.AnonymousAuthenticationFilter@3355f1d, org.springframework.security.web.session.SessionManagementFilter@68940f39, org.springframework.security.web.access.ExceptionTranslationFilter@367f8ca, org.springframework.security.web.access.intercept.AuthorizationFilter@35dc5eac]
2024-08-26 16:35:43 [restartedMain] DEBUG o.s.w.s.m.m.a.RequestMappingHandlerAdapter - ControllerAdvice beans: 0 @ModelAttribute, 0 @InitBinder, 1 RequestBodyAdvice, 1 ResponseBodyAdvice
2024-08-26 16:35:43 [restartedMain] DEBUG o.s.w.s.m.m.a.ExceptionHandlerExceptionResolver - ControllerAdvice beans: 1 @ExceptionHandler, 1 ResponseBodyAdvice
2024-08-26 16:35:43 [restartedMain] INFO  o.s.b.d.a.OptionalLiveReloadServer - LiveReload server is running on port 35729
2024-08-26 16:35:43 [restartedMain] INFO  o.a.coyote.http11.Http11NioProtocol - Starting ProtocolHandler ["http-nio-7777"]
2024-08-26 16:35:43 [restartedMain] INFO  o.s.b.w.e.tomcat.TomcatWebServer - Tomcat started on port 7777 (http) with context path ''
2024-08-26 16:35:43 [restartedMain] INFO  com.cosek.edms.EdmsApplication - Started EdmsApplication in 8.518 seconds (process running for 9.28)
2024-08-26 16:37:29 [http-nio-7777-exec-1] INFO  o.a.c.c.C.[Tomcat].[localhost].[/] - Initializing Spring DispatcherServlet 'dispatcherServlet'
2024-08-26 16:37:29 [http-nio-7777-exec-1] INFO  o.s.web.servlet.DispatcherServlet - Initializing Servlet 'dispatcherServlet'
2024-08-26 16:37:29 [http-nio-7777-exec-1] DEBUG o.s.web.servlet.DispatcherServlet - Detected StandardServletMultipartResolver
2024-08-26 16:37:29 [http-nio-7777-exec-1] DEBUG o.s.web.servlet.DispatcherServlet - Detected AcceptHeaderLocaleResolver
2024-08-26 16:37:29 [http-nio-7777-exec-1] DEBUG o.s.web.servlet.DispatcherServlet - Detected FixedThemeResolver
2024-08-26 16:37:29 [http-nio-7777-exec-1] DEBUG o.s.web.servlet.DispatcherServlet - Detected org.springframework.web.servlet.view.DefaultRequestToViewNameTranslator@773cab81
2024-08-26 16:37:29 [http-nio-7777-exec-1] DEBUG o.s.web.servlet.DispatcherServlet - Detected org.springframework.web.servlet.support.SessionFlashMapManager@cdb081e
2024-08-26 16:37:29 [http-nio-7777-exec-1] DEBUG o.s.web.servlet.DispatcherServlet - enableLoggingRequestDetails='false': request parameters and headers will be masked to prevent unsafe logging of potentially sensitive data
2024-08-26 16:37:29 [http-nio-7777-exec-1] INFO  o.s.web.servlet.DispatcherServlet - Completed initialization in 2 ms
2024-08-26 16:37:29 [http-nio-7777-exec-4] INFO  c.c.edms.config.RequestLoggingFilter - Request URL: http://localhost:7777/api/v1/auth/authenticate
2024-08-26 16:37:29 [http-nio-7777-exec-4] INFO  c.c.edms.config.RequestLoggingFilter - Request Method: POST
2024-08-26 16:37:29 [http-nio-7777-exec-4] INFO  c.c.edms.config.RequestLoggingFilter - Request IP: 127.0.0.1
2024-08-26 16:37:29 [http-nio-7777-exec-4] INFO  c.c.edms.config.RequestLoggingFilter - Request URL: http://localhost:7777/api/v1/auth/authenticate
2024-08-26 16:37:29 [http-nio-7777-exec-4] INFO  c.c.edms.config.RequestLoggingFilter - Request Method: POST
2024-08-26 16:37:29 [http-nio-7777-exec-4] INFO  c.c.edms.config.RequestLoggingFilter - Request IP: 127.0.0.1
2024-08-26 16:37:29 [http-nio-7777-exec-4] DEBUG o.s.web.servlet.DispatcherServlet - POST "/api/v1/auth/authenticate", parameters={}
2024-08-26 16:37:29 [http-nio-7777-exec-4] DEBUG o.s.w.s.m.m.a.RequestMappingHandlerMapping - Mapped to com.cosek.edms.authentication.AuthenticationController#authenticate(AuthenticationRequest)
2024-08-26 16:37:29 [http-nio-7777-exec-4] DEBUG o.s.w.s.m.m.a.RequestResponseBodyMethodProcessor - Read "application/json;charset=UTF-8" to [AuthenticationRequest(email=admin@example.com, password=password123)]
2024-08-26 16:37:30 [http-nio-7777-exec-4] DEBUG o.s.w.s.m.m.a.HttpEntityMethodProcessor - Using 'application/json', given [application/json, text/plain, */*] and supported [application/json, application/*+json]
2024-08-26 16:37:30 [http-nio-7777-exec-4] DEBUG o.s.w.s.m.m.a.HttpEntityMethodProcessor - Writing [AuthenticationResponse(token=eyJhbGciOiJIUzI1NiJ9.eyJzdWIiOiJhZG1pbkBleGFtcGxlLmNvbSIsImlhdCI6MTcyND (truncated)...]
2024-08-26 16:37:30 [http-nio-7777-exec-4] DEBUG o.s.web.servlet.DispatcherServlet - Completed 200 OK
2024-08-26 16:39:43 [File Watcher] INFO  o.s.b.d.a.LocalDevToolsAutoConfiguration$RestartingClassPathChangeChangedEventListener - Restarting due to 68 class path changes (0 additions, 0 deletions, 68 modifications)
2024-08-26 16:39:43 [Thread-5] INFO  o.a.coyote.http11.Http11NioProtocol - Stopping ProtocolHandler ["http-nio-7777"]
2024-08-26 16:39:43 [Thread-5] INFO  o.s.o.j.LocalContainerEntityManagerFactoryBean - Closing JPA EntityManagerFactory for persistence unit 'default'
2024-08-26 16:39:43 [Thread-5] INFO  com.zaxxer.hikari.HikariDataSource - HikariPool-1 - Shutdown initiated...
2024-08-26 16:39:43 [Thread-5] INFO  com.zaxxer.hikari.HikariDataSource - HikariPool-1 - Shutdown completed.
2024-08-26 16:39:43 [restartedMain] INFO  com.cosek.edms.EdmsApplication - Starting EdmsApplication using Java 22.0.1 with PID 15652 (C:\Users\COSEKE\Desktop\Code\coseke-edms\target\classes started by COSEKE in C:\Users\COSEKE\Desktop\Code\coseke-edms)
2024-08-26 16:39:43 [restartedMain] INFO  com.cosek.edms.EdmsApplication - No active profile set, falling back to 1 default profile: "default"
2024-08-26 16:39:44 [restartedMain] INFO  o.s.d.r.c.RepositoryConfigurationDelegate - Bootstrapping Spring Data JPA repositories in DEFAULT mode.
2024-08-26 16:39:44 [restartedMain] INFO  o.s.d.r.c.RepositoryConfigurationDelegate - Finished Spring Data repository scanning in 42 ms. Found 8 JPA repository interfaces.
2024-08-26 16:39:44 [restartedMain] INFO  o.s.b.w.e.tomcat.TomcatWebServer - Tomcat initialized with port 7777 (http)
2024-08-26 16:39:44 [restartedMain] INFO  o.a.coyote.http11.Http11NioProtocol - Initializing ProtocolHandler ["http-nio-7777"]
2024-08-26 16:39:44 [restartedMain] INFO  o.a.catalina.core.StandardService - Starting service [Tomcat]
2024-08-26 16:39:44 [restartedMain] INFO  o.a.catalina.core.StandardEngine - Starting Servlet engine: [Apache Tomcat/10.1.20]
2024-08-26 16:39:44 [restartedMain] INFO  o.a.c.c.C.[Tomcat].[localhost].[/] - Initializing Spring embedded WebApplicationContext
2024-08-26 16:39:44 [restartedMain] INFO  o.s.b.w.s.c.ServletWebServerApplicationContext - Root WebApplicationContext: initialization completed in 677 ms
2024-08-26 16:39:44 [restartedMain] INFO  o.h.jpa.internal.util.LogHelper - HHH000204: Processing PersistenceUnitInfo [name: default]
2024-08-26 16:39:44 [restartedMain] INFO  o.h.c.i.RegionFactoryInitiator - HHH000026: Second-level cache disabled
2024-08-26 16:39:44 [restartedMain] INFO  o.s.o.j.p.SpringPersistenceUnitInfo - No LoadTimeWeaver setup: ignoring JPA class transformer
2024-08-26 16:39:44 [restartedMain] INFO  com.zaxxer.hikari.HikariDataSource - HikariPool-2 - Starting...
2024-08-26 16:39:44 [restartedMain] INFO  com.zaxxer.hikari.pool.HikariPool - HikariPool-2 - Added connection ConnectionID:11 ClientConnectionId: a03759ff-f5c8-4c2f-a2d6-dcae3103b42d
2024-08-26 16:39:44 [restartedMain] INFO  com.zaxxer.hikari.HikariDataSource - HikariPool-2 - Start completed.
2024-08-26 16:39:44 [restartedMain] WARN  org.hibernate.orm.deprecation - HHH90000025: SQLServerDialect does not need to be specified explicitly using 'hibernate.dialect' (remove the property setting and it will be selected by default)
2024-08-26 16:39:45 [restartedMain] INFO  o.h.e.t.j.p.i.JtaPlatformInitiator - HHH000489: No JTA platform available (set 'hibernate.transaction.jta.platform' to enable JTA platform integration)
2024-08-26 16:39:47 [restartedMain] INFO  o.s.o.j.LocalContainerEntityManagerFactoryBean - Initialized JPA EntityManagerFactory for persistence unit 'default'
2024-08-26 16:39:48 [restartedMain] WARN  o.s.b.a.o.j.JpaBaseConfiguration$JpaWebConfiguration - spring.jpa.open-in-view is enabled by default. Therefore, database queries may be performed during view rendering. Explicitly configure spring.jpa.open-in-view to disable this warning
2024-08-26 16:39:48 [restartedMain] DEBUG o.s.w.s.m.m.a.RequestMappingHandlerMapping - 38 mappings in 'requestMappingHandlerMapping'
2024-08-26 16:39:48 [restartedMain] DEBUG o.s.w.s.h.SimpleUrlHandlerMapping - Patterns [/webjars/**, /**] in 'resourceHandlerMapping'
2024-08-26 16:39:48 [restartedMain] INFO  o.s.s.web.DefaultSecurityFilterChain - Will secure any request with [org.springframework.security.web.session.DisableEncodeUrlFilter@62e5c63c, org.springframework.security.web.context.request.async.WebAsyncManagerIntegrationFilter@5a3b5458, org.springframework.security.web.context.SecurityContextHolderFilter@2204dcf, org.springframework.security.web.header.HeaderWriterFilter@54489310, org.springframework.web.filter.CorsFilter@42b9b11d, org.springframework.security.web.authentication.logout.LogoutFilter@3fa0f8c0, com.cosek.edms.config.RequestLoggingFilter@2e770190, com.cosek.edms.config.JwtAuthenticationFilter@d937db8, org.springframework.security.web.savedrequest.RequestCacheAwareFilter@8cca71d, org.springframework.security.web.servletapi.SecurityContextHolderAwareRequestFilter@180c6507, org.springframework.security.web.authentication.AnonymousAuthenticationFilter@5afc9bde, org.springframework.security.web.session.SessionManagementFilter@577e0776, org.springframework.security.web.access.ExceptionTranslationFilter@1c02dc9a, org.springframework.security.web.access.intercept.AuthorizationFilter@2966377b]
2024-08-26 16:39:48 [restartedMain] DEBUG o.s.w.s.m.m.a.RequestMappingHandlerAdapter - ControllerAdvice beans: 0 @ModelAttribute, 0 @InitBinder, 1 RequestBodyAdvice, 1 ResponseBodyAdvice
2024-08-26 16:39:48 [restartedMain] DEBUG o.s.w.s.m.m.a.ExceptionHandlerExceptionResolver - ControllerAdvice beans: 1 @ExceptionHandler, 1 ResponseBodyAdvice
2024-08-26 16:39:48 [restartedMain] INFO  o.s.b.d.a.OptionalLiveReloadServer - LiveReload server is running on port 35729
2024-08-26 16:39:48 [restartedMain] INFO  o.a.coyote.http11.Http11NioProtocol - Starting ProtocolHandler ["http-nio-7777"]
2024-08-26 16:39:48 [restartedMain] INFO  o.s.b.w.e.tomcat.TomcatWebServer - Tomcat started on port 7777 (http) with context path ''
2024-08-26 16:39:48 [restartedMain] INFO  com.cosek.edms.EdmsApplication - Started EdmsApplication in 4.389 seconds (process running for 253.957)
2024-08-26 16:39:48 [restartedMain] INFO  o.s.b.d.a.ConditionEvaluationDeltaLoggingListener - Condition evaluation unchanged
2024-08-26 16:39:55 [SpringApplicationShutdownHook] INFO  o.s.o.j.LocalContainerEntityManagerFactoryBean - Closing JPA EntityManagerFactory for persistence unit 'default'
2024-08-26 16:39:55 [SpringApplicationShutdownHook] INFO  com.zaxxer.hikari.HikariDataSource - HikariPool-2 - Shutdown initiated...
2024-08-26 16:39:55 [SpringApplicationShutdownHook] INFO  com.zaxxer.hikari.HikariDataSource - HikariPool-2 - Shutdown completed.
2024-08-26 16:40:05 [restartedMain] INFO  com.cosek.edms.EdmsApplication - Starting EdmsApplication using Java 22.0.1 with PID 6504 (C:\Users\COSEKE\Desktop\Code\coseke-edms\target\classes started by COSEKE in C:\Users\COSEKE\Desktop\Code\coseke-edms)
2024-08-26 16:40:05 [restartedMain] INFO  com.cosek.edms.EdmsApplication - No active profile set, falling back to 1 default profile: "default"
2024-08-26 16:40:05 [restartedMain] INFO  o.s.b.d.e.DevToolsPropertyDefaultsPostProcessor - Devtools property defaults active! Set 'spring.devtools.add-properties' to 'false' to disable
2024-08-26 16:40:05 [restartedMain] INFO  o.s.b.d.e.DevToolsPropertyDefaultsPostProcessor - For additional web related logging consider setting the 'logging.level.web' property to 'DEBUG'
2024-08-26 16:40:06 [restartedMain] INFO  o.s.d.r.c.RepositoryConfigurationDelegate - Bootstrapping Spring Data JPA repositories in DEFAULT mode.
2024-08-26 16:40:07 [restartedMain] INFO  o.s.d.r.c.RepositoryConfigurationDelegate - Finished Spring Data repository scanning in 88 ms. Found 8 JPA repository interfaces.
2024-08-26 16:40:08 [restartedMain] INFO  o.s.b.w.e.tomcat.TomcatWebServer - Tomcat initialized with port 7777 (http)
2024-08-26 16:40:08 [restartedMain] INFO  o.a.coyote.http11.Http11NioProtocol - Initializing ProtocolHandler ["http-nio-7777"]
2024-08-26 16:40:08 [restartedMain] INFO  o.a.catalina.core.StandardService - Starting service [Tomcat]
2024-08-26 16:40:08 [restartedMain] INFO  o.a.catalina.core.StandardEngine - Starting Servlet engine: [Apache Tomcat/10.1.20]
2024-08-26 16:40:08 [restartedMain] INFO  o.a.c.c.C.[Tomcat].[localhost].[/] - Initializing Spring embedded WebApplicationContext
2024-08-26 16:40:08 [restartedMain] INFO  o.s.b.w.s.c.ServletWebServerApplicationContext - Root WebApplicationContext: initialization completed in 2859 ms
2024-08-26 16:40:08 [restartedMain] INFO  o.h.jpa.internal.util.LogHelper - HHH000204: Processing PersistenceUnitInfo [name: default]
2024-08-26 16:40:08 [restartedMain] INFO  org.hibernate.Version - HHH000412: Hibernate ORM core version 6.4.8.Final
2024-08-26 16:40:08 [restartedMain] INFO  o.h.c.i.RegionFactoryInitiator - HHH000026: Second-level cache disabled
2024-08-26 16:40:09 [restartedMain] INFO  o.s.o.j.p.SpringPersistenceUnitInfo - No LoadTimeWeaver setup: ignoring JPA class transformer
2024-08-26 16:40:09 [restartedMain] INFO  com.zaxxer.hikari.HikariDataSource - HikariPool-1 - Starting...
2024-08-26 16:40:09 [restartedMain] INFO  com.zaxxer.hikari.pool.HikariPool - HikariPool-1 - Added connection ConnectionID:1 ClientConnectionId: 16ff20b1-e105-41d4-b318-67e8a4fceb93
2024-08-26 16:40:09 [restartedMain] INFO  com.zaxxer.hikari.HikariDataSource - HikariPool-1 - Start completed.
2024-08-26 16:40:10 [restartedMain] WARN  org.hibernate.orm.deprecation - HHH90000025: SQLServerDialect does not need to be specified explicitly using 'hibernate.dialect' (remove the property setting and it will be selected by default)
2024-08-26 16:40:12 [restartedMain] INFO  o.h.e.t.j.p.i.JtaPlatformInitiator - HHH000489: No JTA platform available (set 'hibernate.transaction.jta.platform' to enable JTA platform integration)
2024-08-26 16:40:14 [restartedMain] INFO  o.s.o.j.LocalContainerEntityManagerFactoryBean - Initialized JPA EntityManagerFactory for persistence unit 'default'
2024-08-26 16:40:15 [restartedMain] INFO  o.s.d.j.r.query.QueryEnhancerFactory - Hibernate is in classpath; If applicable, HQL parser will be used.
2024-08-26 16:40:16 [restartedMain] WARN  o.s.b.a.o.j.JpaBaseConfiguration$JpaWebConfiguration - spring.jpa.open-in-view is enabled by default. Therefore, database queries may be performed during view rendering. Explicitly configure spring.jpa.open-in-view to disable this warning
2024-08-26 16:40:16 [restartedMain] DEBUG o.s.w.s.m.m.a.RequestMappingHandlerMapping - 38 mappings in 'requestMappingHandlerMapping'
2024-08-26 16:40:16 [restartedMain] DEBUG o.s.w.s.h.SimpleUrlHandlerMapping - Patterns [/webjars/**, /**] in 'resourceHandlerMapping'
2024-08-26 16:40:16 [restartedMain] INFO  o.s.s.web.DefaultSecurityFilterChain - Will secure any request with [org.springframework.security.web.session.DisableEncodeUrlFilter@9e9beff, org.springframework.security.web.context.request.async.WebAsyncManagerIntegrationFilter@4a8a373b, org.springframework.security.web.context.SecurityContextHolderFilter@7b4a6c32, org.springframework.security.web.header.HeaderWriterFilter@5b1b3bc3, org.springframework.web.filter.CorsFilter@fa6b053, org.springframework.security.web.authentication.logout.LogoutFilter@2edf3ebf, com.cosek.edms.config.RequestLoggingFilter@634aa9f5, com.cosek.edms.config.JwtAuthenticationFilter@7c83d954, org.springframework.security.web.savedrequest.RequestCacheAwareFilter@6796a6f5, org.springframework.security.web.servletapi.SecurityContextHolderAwareRequestFilter@497f18e9, org.springframework.security.web.authentication.AnonymousAuthenticationFilter@69c253c3, org.springframework.security.web.session.SessionManagementFilter@bab2579, org.springframework.security.web.access.ExceptionTranslationFilter@4bc319a1, org.springframework.security.web.access.intercept.AuthorizationFilter@56a2b041]
2024-08-26 16:40:16 [restartedMain] DEBUG o.s.w.s.m.m.a.RequestMappingHandlerAdapter - ControllerAdvice beans: 0 @ModelAttribute, 0 @InitBinder, 1 RequestBodyAdvice, 1 ResponseBodyAdvice
2024-08-26 16:40:16 [restartedMain] DEBUG o.s.w.s.m.m.a.ExceptionHandlerExceptionResolver - ControllerAdvice beans: 1 @ExceptionHandler, 1 ResponseBodyAdvice
2024-08-26 16:40:17 [restartedMain] INFO  o.s.b.d.a.OptionalLiveReloadServer - LiveReload server is running on port 35729
2024-08-26 16:40:17 [restartedMain] INFO  o.a.coyote.http11.Http11NioProtocol - Starting ProtocolHandler ["http-nio-7777"]
2024-08-26 16:40:17 [restartedMain] INFO  o.s.b.w.e.tomcat.TomcatWebServer - Tomcat started on port 7777 (http) with context path ''
2024-08-26 16:40:17 [restartedMain] INFO  com.cosek.edms.EdmsApplication - Started EdmsApplication in 12.618 seconds (process running for 13.487)
2024-08-26 16:40:22 [http-nio-7777-exec-1] INFO  o.a.c.c.C.[Tomcat].[localhost].[/] - Initializing Spring DispatcherServlet 'dispatcherServlet'
2024-08-26 16:40:22 [http-nio-7777-exec-1] INFO  o.s.web.servlet.DispatcherServlet - Initializing Servlet 'dispatcherServlet'
2024-08-26 16:40:22 [http-nio-7777-exec-1] DEBUG o.s.web.servlet.DispatcherServlet - Detected StandardServletMultipartResolver
2024-08-26 16:40:22 [http-nio-7777-exec-1] DEBUG o.s.web.servlet.DispatcherServlet - Detected AcceptHeaderLocaleResolver
2024-08-26 16:40:22 [http-nio-7777-exec-1] DEBUG o.s.web.servlet.DispatcherServlet - Detected FixedThemeResolver
2024-08-26 16:40:22 [http-nio-7777-exec-1] DEBUG o.s.web.servlet.DispatcherServlet - Detected org.springframework.web.servlet.view.DefaultRequestToViewNameTranslator@249f0f83
2024-08-26 16:40:22 [http-nio-7777-exec-1] DEBUG o.s.web.servlet.DispatcherServlet - Detected org.springframework.web.servlet.support.SessionFlashMapManager@661c621d
2024-08-26 16:40:22 [http-nio-7777-exec-1] DEBUG o.s.web.servlet.DispatcherServlet - enableLoggingRequestDetails='false': request parameters and headers will be masked to prevent unsafe logging of potentially sensitive data
2024-08-26 16:40:22 [http-nio-7777-exec-1] INFO  o.s.web.servlet.DispatcherServlet - Completed initialization in 6 ms
2024-08-26 16:40:23 [http-nio-7777-exec-3] INFO  c.c.edms.config.RequestLoggingFilter - Request URL: http://localhost:7777/api/v1/directories/
2024-08-26 16:40:23 [http-nio-7777-exec-4] INFO  c.c.edms.config.RequestLoggingFilter - Request URL: http://localhost:7777/api/v1/directories/
2024-08-26 16:40:23 [http-nio-7777-exec-3] INFO  c.c.edms.config.RequestLoggingFilter - Request Method: GET
2024-08-26 16:40:23 [http-nio-7777-exec-4] INFO  c.c.edms.config.RequestLoggingFilter - Request Method: GET
2024-08-26 16:40:23 [http-nio-7777-exec-3] INFO  c.c.edms.config.RequestLoggingFilter - Request IP: 127.0.0.1
2024-08-26 16:40:23 [http-nio-7777-exec-4] INFO  c.c.edms.config.RequestLoggingFilter - Request IP: 127.0.0.1
2024-08-26 16:40:23 [http-nio-7777-exec-3] INFO  c.c.edms.config.RequestLoggingFilter - Request URL: http://localhost:7777/api/v1/directories/
2024-08-26 16:40:23 [http-nio-7777-exec-4] INFO  c.c.edms.config.RequestLoggingFilter - Request URL: http://localhost:7777/api/v1/directories/
2024-08-26 16:40:23 [http-nio-7777-exec-3] INFO  c.c.edms.config.RequestLoggingFilter - Request Method: GET
2024-08-26 16:40:23 [http-nio-7777-exec-4] INFO  c.c.edms.config.RequestLoggingFilter - Request Method: GET
2024-08-26 16:40:23 [http-nio-7777-exec-3] INFO  c.c.edms.config.RequestLoggingFilter - Request IP: 127.0.0.1
2024-08-26 16:40:23 [http-nio-7777-exec-4] INFO  c.c.edms.config.RequestLoggingFilter - Request IP: 127.0.0.1
2024-08-26 16:40:23 [http-nio-7777-exec-4] DEBUG o.s.web.servlet.DispatcherServlet - GET "/api/v1/directories/", parameters={}
2024-08-26 16:40:23 [http-nio-7777-exec-3] DEBUG o.s.web.servlet.DispatcherServlet - GET "/api/v1/directories/", parameters={}
2024-08-26 16:40:23 [http-nio-7777-exec-3] DEBUG o.s.w.s.m.m.a.RequestMappingHandlerMapping - Mapped to com.cosek.edms.directory.DirectoryController#getAllDirectories()
2024-08-26 16:40:23 [http-nio-7777-exec-4] DEBUG o.s.w.s.m.m.a.RequestMappingHandlerMapping - Mapped to com.cosek.edms.directory.DirectoryController#getAllDirectories()
2024-08-26 16:40:23 [http-nio-7777-exec-3] DEBUG o.s.w.s.m.m.a.RequestResponseBodyMethodProcessor - Using 'application/json', given [application/json, text/plain, */*] and supported [application/json, application/*+json]
2024-08-26 16:40:23 [http-nio-7777-exec-4] DEBUG o.s.w.s.m.m.a.RequestResponseBodyMethodProcessor - Using 'application/json', given [application/json, text/plain, */*] and supported [application/json, application/*+json]
2024-08-26 16:40:23 [http-nio-7777-exec-4] DEBUG o.s.w.s.m.m.a.RequestResponseBodyMethodProcessor - Writing [[Folders [FolderID=1, Name=Pdfs, ParentFolderID=1], Folders [FolderID=2, Name=Videos, ParentFolderID (truncated)...]
2024-08-26 16:40:23 [http-nio-7777-exec-3] DEBUG o.s.w.s.m.m.a.RequestResponseBodyMethodProcessor - Writing [[Folders [FolderID=1, Name=Pdfs, ParentFolderID=1], Folders [FolderID=2, Name=Videos, ParentFolderID (truncated)...]
2024-08-26 16:40:23 [http-nio-7777-exec-4] DEBUG o.s.web.servlet.DispatcherServlet - Completed 200 OK
2024-08-26 16:40:23 [http-nio-7777-exec-3] DEBUG o.s.web.servlet.DispatcherServlet - Completed 200 OK
2024-08-26 16:42:14 [File Watcher] INFO  o.s.b.d.a.LocalDevToolsAutoConfiguration$RestartingClassPathChangeChangedEventListener - Restarting due to 2 class path changes (0 additions, 0 deletions, 2 modifications)
2024-08-26 16:42:14 [Thread-5] INFO  o.a.coyote.http11.Http11NioProtocol - Stopping ProtocolHandler ["http-nio-7777"]
2024-08-26 16:42:14 [Thread-5] INFO  o.s.o.j.LocalContainerEntityManagerFactoryBean - Closing JPA EntityManagerFactory for persistence unit 'default'
2024-08-26 16:42:14 [Thread-5] INFO  com.zaxxer.hikari.HikariDataSource - HikariPool-1 - Shutdown initiated...
2024-08-26 16:42:14 [Thread-5] INFO  com.zaxxer.hikari.HikariDataSource - HikariPool-1 - Shutdown completed.
2024-08-26 16:42:14 [restartedMain] INFO  com.cosek.edms.EdmsApplication - Starting EdmsApplication using Java 22.0.1 with PID 6504 (C:\Users\COSEKE\Desktop\Code\coseke-edms\target\classes started by COSEKE in C:\Users\COSEKE\Desktop\Code\coseke-edms)
2024-08-26 16:42:14 [restartedMain] INFO  com.cosek.edms.EdmsApplication - No active profile set, falling back to 1 default profile: "default"
2024-08-26 16:42:14 [restartedMain] INFO  o.s.d.r.c.RepositoryConfigurationDelegate - Bootstrapping Spring Data JPA repositories in DEFAULT mode.
2024-08-26 16:42:14 [restartedMain] INFO  o.s.d.r.c.RepositoryConfigurationDelegate - Finished Spring Data repository scanning in 54 ms. Found 8 JPA repository interfaces.
2024-08-26 16:42:15 [restartedMain] INFO  o.s.b.w.e.tomcat.TomcatWebServer - Tomcat initialized with port 7777 (http)
2024-08-26 16:42:15 [restartedMain] INFO  o.a.coyote.http11.Http11NioProtocol - Initializing ProtocolHandler ["http-nio-7777"]
2024-08-26 16:42:15 [restartedMain] INFO  o.a.catalina.core.StandardService - Starting service [Tomcat]
2024-08-26 16:42:15 [restartedMain] INFO  o.a.catalina.core.StandardEngine - Starting Servlet engine: [Apache Tomcat/10.1.20]
2024-08-26 16:42:15 [restartedMain] INFO  o.a.c.c.C.[Tomcat].[localhost].[/] - Initializing Spring embedded WebApplicationContext
2024-08-26 16:42:15 [restartedMain] INFO  o.s.b.w.s.c.ServletWebServerApplicationContext - Root WebApplicationContext: initialization completed in 846 ms
2024-08-26 16:42:15 [restartedMain] INFO  o.h.jpa.internal.util.LogHelper - HHH000204: Processing PersistenceUnitInfo [name: default]
2024-08-26 16:42:15 [restartedMain] INFO  o.h.c.i.RegionFactoryInitiator - HHH000026: Second-level cache disabled
2024-08-26 16:42:15 [restartedMain] INFO  o.s.o.j.p.SpringPersistenceUnitInfo - No LoadTimeWeaver setup: ignoring JPA class transformer
2024-08-26 16:42:15 [restartedMain] INFO  com.zaxxer.hikari.HikariDataSource - HikariPool-2 - Starting...
2024-08-26 16:42:15 [restartedMain] INFO  com.zaxxer.hikari.pool.HikariPool - HikariPool-2 - Added connection ConnectionID:11 ClientConnectionId: eb9a9a5d-be9a-495f-bb71-14847958b4e3
2024-08-26 16:42:15 [restartedMain] INFO  com.zaxxer.hikari.HikariDataSource - HikariPool-2 - Start completed.
2024-08-26 16:42:15 [restartedMain] WARN  org.hibernate.orm.deprecation - HHH90000025: SQLServerDialect does not need to be specified explicitly using 'hibernate.dialect' (remove the property setting and it will be selected by default)
2024-08-26 16:42:15 [restartedMain] INFO  o.h.e.t.j.p.i.JtaPlatformInitiator - HHH000489: No JTA platform available (set 'hibernate.transaction.jta.platform' to enable JTA platform integration)
2024-08-26 16:42:18 [restartedMain] INFO  o.s.o.j.LocalContainerEntityManagerFactoryBean - Initialized JPA EntityManagerFactory for persistence unit 'default'
2024-08-26 16:42:18 [restartedMain] WARN  o.s.b.a.o.j.JpaBaseConfiguration$JpaWebConfiguration - spring.jpa.open-in-view is enabled by default. Therefore, database queries may be performed during view rendering. Explicitly configure spring.jpa.open-in-view to disable this warning
2024-08-26 16:42:18 [restartedMain] DEBUG o.s.w.s.m.m.a.RequestMappingHandlerMapping - 38 mappings in 'requestMappingHandlerMapping'
2024-08-26 16:42:18 [restartedMain] DEBUG o.s.w.s.h.SimpleUrlHandlerMapping - Patterns [/webjars/**, /**] in 'resourceHandlerMapping'
2024-08-26 16:42:18 [restartedMain] INFO  o.s.s.web.DefaultSecurityFilterChain - Will secure any request with [org.springframework.security.web.session.DisableEncodeUrlFilter@6df4e626, org.springframework.security.web.context.request.async.WebAsyncManagerIntegrationFilter@496516fa, org.springframework.security.web.context.SecurityContextHolderFilter@472d58ca, org.springframework.security.web.header.HeaderWriterFilter@77c747af, org.springframework.web.filter.CorsFilter@6f071f8a, org.springframework.security.web.authentication.logout.LogoutFilter@20f098aa, com.cosek.edms.config.RequestLoggingFilter@4d047332, com.cosek.edms.config.JwtAuthenticationFilter@44de7fd0, org.springframework.security.web.savedrequest.RequestCacheAwareFilter@32628a06, org.springframework.security.web.servletapi.SecurityContextHolderAwareRequestFilter@7fd549da, org.springframework.security.web.authentication.AnonymousAuthenticationFilter@6c9ab253, org.springframework.security.web.session.SessionManagementFilter@2f3bb543, org.springframework.security.web.access.ExceptionTranslationFilter@107ca8c9, org.springframework.security.web.access.intercept.AuthorizationFilter@53aa1697]
2024-08-26 16:42:18 [restartedMain] DEBUG o.s.w.s.m.m.a.RequestMappingHandlerAdapter - ControllerAdvice beans: 0 @ModelAttribute, 0 @InitBinder, 1 RequestBodyAdvice, 1 ResponseBodyAdvice
2024-08-26 16:42:18 [restartedMain] DEBUG o.s.w.s.m.m.a.ExceptionHandlerExceptionResolver - ControllerAdvice beans: 1 @ExceptionHandler, 1 ResponseBodyAdvice
2024-08-26 16:42:18 [restartedMain] INFO  o.s.b.d.a.OptionalLiveReloadServer - LiveReload server is running on port 35729
2024-08-26 16:42:18 [restartedMain] INFO  o.a.coyote.http11.Http11NioProtocol - Starting ProtocolHandler ["http-nio-7777"]
2024-08-26 16:42:18 [restartedMain] INFO  o.s.b.w.e.tomcat.TomcatWebServer - Tomcat started on port 7777 (http) with context path ''
2024-08-26 16:42:18 [restartedMain] INFO  com.cosek.edms.EdmsApplication - Started EdmsApplication in 4.632 seconds (process running for 135.063)
2024-08-26 16:42:19 [restartedMain] INFO  o.s.b.d.a.ConditionEvaluationDeltaLoggingListener - Condition evaluation unchanged
2024-08-26 16:42:49 [SpringApplicationShutdownHook] INFO  o.s.o.j.LocalContainerEntityManagerFactoryBean - Closing JPA EntityManagerFactory for persistence unit 'default'
2024-08-26 16:42:49 [SpringApplicationShutdownHook] INFO  com.zaxxer.hikari.HikariDataSource - HikariPool-2 - Shutdown initiated...
2024-08-26 16:42:49 [SpringApplicationShutdownHook] INFO  com.zaxxer.hikari.HikariDataSource - HikariPool-2 - Shutdown completed.
2024-08-26 16:42:54 [restartedMain] INFO  com.cosek.edms.EdmsApplication - Starting EdmsApplication using Java 22.0.1 with PID 17516 (C:\Users\COSEKE\Desktop\Code\coseke-edms\target\classes started by COSEKE in C:\Users\COSEKE\Desktop\Code\coseke-edms) [user=]
2024-08-26 16:42:54 [restartedMain] INFO  com.cosek.edms.EdmsApplication - No active profile set, falling back to 1 default profile: "default" [user=]
2024-08-26 16:42:55 [restartedMain] INFO  o.s.b.d.e.DevToolsPropertyDefaultsPostProcessor - Devtools property defaults active! Set 'spring.devtools.add-properties' to 'false' to disable [user=]
2024-08-26 16:42:55 [restartedMain] INFO  o.s.b.d.e.DevToolsPropertyDefaultsPostProcessor - For additional web related logging consider setting the 'logging.level.web' property to 'DEBUG' [user=]
2024-08-26 16:42:56 [restartedMain] INFO  o.s.d.r.c.RepositoryConfigurationDelegate - Bootstrapping Spring Data JPA repositories in DEFAULT mode. [user=]
2024-08-26 16:42:56 [restartedMain] INFO  o.s.d.r.c.RepositoryConfigurationDelegate - Finished Spring Data repository scanning in 86 ms. Found 8 JPA repository interfaces. [user=]
2024-08-26 16:42:57 [restartedMain] INFO  o.s.b.w.e.tomcat.TomcatWebServer - Tomcat initialized with port 7777 (http) [user=]
2024-08-26 16:42:57 [restartedMain] INFO  o.a.coyote.http11.Http11NioProtocol - Initializing ProtocolHandler ["http-nio-7777"] [user=]
2024-08-26 16:42:57 [restartedMain] INFO  o.a.catalina.core.StandardService - Starting service [Tomcat] [user=]
2024-08-26 16:42:57 [restartedMain] INFO  o.a.catalina.core.StandardEngine - Starting Servlet engine: [Apache Tomcat/10.1.20] [user=]
2024-08-26 16:42:57 [restartedMain] INFO  o.a.c.c.C.[Tomcat].[localhost].[/] - Initializing Spring embedded WebApplicationContext [user=]
2024-08-26 16:42:57 [restartedMain] INFO  o.s.b.w.s.c.ServletWebServerApplicationContext - Root WebApplicationContext: initialization completed in 2631 ms [user=]
2024-08-26 16:42:57 [restartedMain] INFO  o.h.jpa.internal.util.LogHelper - HHH000204: Processing PersistenceUnitInfo [name: default] [user=]
2024-08-26 16:42:58 [restartedMain] INFO  org.hibernate.Version - HHH000412: Hibernate ORM core version 6.4.8.Final [user=]
2024-08-26 16:42:58 [restartedMain] INFO  o.h.c.i.RegionFactoryInitiator - HHH000026: Second-level cache disabled [user=]
2024-08-26 16:42:58 [restartedMain] INFO  o.s.o.j.p.SpringPersistenceUnitInfo - No LoadTimeWeaver setup: ignoring JPA class transformer [user=]
2024-08-26 16:42:58 [restartedMain] INFO  com.zaxxer.hikari.HikariDataSource - HikariPool-1 - Starting... [user=]
2024-08-26 16:42:58 [restartedMain] INFO  com.zaxxer.hikari.pool.HikariPool - HikariPool-1 - Added connection ConnectionID:1 ClientConnectionId: 10f69a23-f166-478f-8fee-c23b6e8dfb2b [user=]
2024-08-26 16:42:58 [restartedMain] INFO  com.zaxxer.hikari.HikariDataSource - HikariPool-1 - Start completed. [user=]
2024-08-26 16:42:59 [restartedMain] WARN  org.hibernate.orm.deprecation - HHH90000025: SQLServerDialect does not need to be specified explicitly using 'hibernate.dialect' (remove the property setting and it will be selected by default) [user=]
2024-08-26 16:43:00 [restartedMain] INFO  o.h.e.t.j.p.i.JtaPlatformInitiator - HHH000489: No JTA platform available (set 'hibernate.transaction.jta.platform' to enable JTA platform integration) [user=]
2024-08-26 16:43:02 [restartedMain] INFO  o.s.o.j.LocalContainerEntityManagerFactoryBean - Initialized JPA EntityManagerFactory for persistence unit 'default' [user=]
2024-08-26 16:43:02 [restartedMain] INFO  o.s.d.j.r.query.QueryEnhancerFactory - Hibernate is in classpath; If applicable, HQL parser will be used. [user=]
2024-08-26 16:43:03 [restartedMain] WARN  o.s.b.a.o.j.JpaBaseConfiguration$JpaWebConfiguration - spring.jpa.open-in-view is enabled by default. Therefore, database queries may be performed during view rendering. Explicitly configure spring.jpa.open-in-view to disable this warning [user=]
2024-08-26 16:43:03 [restartedMain] DEBUG o.s.w.s.m.m.a.RequestMappingHandlerMapping - 38 mappings in 'requestMappingHandlerMapping' [user=]
2024-08-26 16:43:03 [restartedMain] DEBUG o.s.w.s.h.SimpleUrlHandlerMapping - Patterns [/webjars/**, /**] in 'resourceHandlerMapping' [user=]
2024-08-26 16:43:03 [restartedMain] INFO  o.s.s.web.DefaultSecurityFilterChain - Will secure any request with [org.springframework.security.web.session.DisableEncodeUrlFilter@6922a3b, org.springframework.security.web.context.request.async.WebAsyncManagerIntegrationFilter@6b8f991b, org.springframework.security.web.context.SecurityContextHolderFilter@2e2ca60b, org.springframework.security.web.header.HeaderWriterFilter@18f887f9, org.springframework.web.filter.CorsFilter@ba5629c, org.springframework.security.web.authentication.logout.LogoutFilter@5d33656, com.cosek.edms.config.RequestLoggingFilter@214d0f8a, com.cosek.edms.config.JwtAuthenticationFilter@f3a2d82, org.springframework.security.web.savedrequest.RequestCacheAwareFilter@4007a5fc, org.springframework.security.web.servletapi.SecurityContextHolderAwareRequestFilter@a1afdee, org.springframework.security.web.authentication.AnonymousAuthenticationFilter@1e3662af, org.springframework.security.web.session.SessionManagementFilter@640670cb, org.springframework.security.web.access.ExceptionTranslationFilter@3e4b3428, org.springframework.security.web.access.intercept.AuthorizationFilter@23a9db21] [user=]
2024-08-26 16:43:04 [restartedMain] DEBUG o.s.w.s.m.m.a.RequestMappingHandlerAdapter - ControllerAdvice beans: 0 @ModelAttribute, 0 @InitBinder, 1 RequestBodyAdvice, 1 ResponseBodyAdvice [user=]
2024-08-26 16:43:04 [restartedMain] DEBUG o.s.w.s.m.m.a.ExceptionHandlerExceptionResolver - ControllerAdvice beans: 1 @ExceptionHandler, 1 ResponseBodyAdvice [user=]
2024-08-26 16:43:04 [restartedMain] INFO  o.s.b.d.a.OptionalLiveReloadServer - LiveReload server is running on port 35729 [user=]
2024-08-26 16:43:04 [restartedMain] INFO  o.a.coyote.http11.Http11NioProtocol - Starting ProtocolHandler ["http-nio-7777"] [user=]
2024-08-26 16:43:04 [restartedMain] INFO  o.s.b.w.e.tomcat.TomcatWebServer - Tomcat started on port 7777 (http) with context path '' [user=]
2024-08-26 16:43:04 [restartedMain] INFO  com.cosek.edms.EdmsApplication - Started EdmsApplication in 10.297 seconds (process running for 11.114) [user=]
2024-08-26 16:43:09 [http-nio-7777-exec-1] INFO  o.a.c.c.C.[Tomcat].[localhost].[/] - Initializing Spring DispatcherServlet 'dispatcherServlet' [user=]
2024-08-26 16:43:09 [http-nio-7777-exec-1] INFO  o.s.web.servlet.DispatcherServlet - Initializing Servlet 'dispatcherServlet' [user=]
2024-08-26 16:43:09 [http-nio-7777-exec-1] DEBUG o.s.web.servlet.DispatcherServlet - Detected StandardServletMultipartResolver [user=]
2024-08-26 16:43:09 [http-nio-7777-exec-1] DEBUG o.s.web.servlet.DispatcherServlet - Detected AcceptHeaderLocaleResolver [user=]
2024-08-26 16:43:09 [http-nio-7777-exec-1] DEBUG o.s.web.servlet.DispatcherServlet - Detected FixedThemeResolver [user=]
2024-08-26 16:43:09 [http-nio-7777-exec-1] DEBUG o.s.web.servlet.DispatcherServlet - Detected org.springframework.web.servlet.view.DefaultRequestToViewNameTranslator@5121ed6e [user=]
2024-08-26 16:43:09 [http-nio-7777-exec-1] DEBUG o.s.web.servlet.DispatcherServlet - Detected org.springframework.web.servlet.support.SessionFlashMapManager@37a61e4f [user=]
2024-08-26 16:43:09 [http-nio-7777-exec-1] DEBUG o.s.web.servlet.DispatcherServlet - enableLoggingRequestDetails='false': request parameters and headers will be masked to prevent unsafe logging of potentially sensitive data [user=]
2024-08-26 16:43:09 [http-nio-7777-exec-1] INFO  o.s.web.servlet.DispatcherServlet - Completed initialization in 4 ms [user=]
2024-08-26 16:43:09 [http-nio-7777-exec-1] INFO  c.c.edms.config.RequestLoggingFilter - Request URL: http://localhost:7777/api/v1/directories/ [user=]
2024-08-26 16:43:09 [http-nio-7777-exec-2] INFO  c.c.edms.config.RequestLoggingFilter - Request URL: http://localhost:7777/api/v1/directories/ [user=]
2024-08-26 16:43:09 [http-nio-7777-exec-1] INFO  c.c.edms.config.RequestLoggingFilter - Request Method: GET [user=]
2024-08-26 16:43:09 [http-nio-7777-exec-2] INFO  c.c.edms.config.RequestLoggingFilter - Request Method: GET [user=]
2024-08-26 16:43:09 [http-nio-7777-exec-1] INFO  c.c.edms.config.RequestLoggingFilter - Request IP: 127.0.0.1 [user=]
2024-08-26 16:43:09 [http-nio-7777-exec-1] INFO  c.c.edms.config.RequestLoggingFilter - Authenticated User: anonymous [user=]
2024-08-26 16:43:09 [http-nio-7777-exec-2] INFO  c.c.edms.config.RequestLoggingFilter - Request IP: 127.0.0.1 [user=]
2024-08-26 16:43:09 [http-nio-7777-exec-2] INFO  c.c.edms.config.RequestLoggingFilter - Authenticated User: anonymous [user=]
2024-08-26 16:43:09 [http-nio-7777-exec-1] INFO  c.c.edms.config.RequestLoggingFilter - Request URL: http://localhost:7777/api/v1/directories/ [user=]
2024-08-26 16:43:09 [http-nio-7777-exec-2] INFO  c.c.edms.config.RequestLoggingFilter - Request URL: http://localhost:7777/api/v1/directories/ [user=]
2024-08-26 16:43:09 [http-nio-7777-exec-1] INFO  c.c.edms.config.RequestLoggingFilter - Request Method: GET [user=]
2024-08-26 16:43:09 [http-nio-7777-exec-1] INFO  c.c.edms.config.RequestLoggingFilter - Request IP: 127.0.0.1 [user=]
2024-08-26 16:43:09 [http-nio-7777-exec-2] INFO  c.c.edms.config.RequestLoggingFilter - Request Method: GET [user=]
2024-08-26 16:43:09 [http-nio-7777-exec-1] INFO  c.c.edms.config.RequestLoggingFilter - Authenticated User: anonymous [user=]
2024-08-26 16:43:09 [http-nio-7777-exec-2] INFO  c.c.edms.config.RequestLoggingFilter - Request IP: 127.0.0.1 [user=]
2024-08-26 16:43:09 [http-nio-7777-exec-2] INFO  c.c.edms.config.RequestLoggingFilter - Authenticated User: anonymous [user=]
2024-08-26 16:43:09 [http-nio-7777-exec-2] DEBUG o.s.web.servlet.DispatcherServlet - GET "/api/v1/directories/", parameters={} [user=]
2024-08-26 16:43:09 [http-nio-7777-exec-1] DEBUG o.s.web.servlet.DispatcherServlet - GET "/api/v1/directories/", parameters={} [user=]
2024-08-26 16:43:09 [http-nio-7777-exec-2] DEBUG o.s.w.s.m.m.a.RequestMappingHandlerMapping - Mapped to com.cosek.edms.directory.DirectoryController#getAllDirectories() [user=]
2024-08-26 16:43:09 [http-nio-7777-exec-1] DEBUG o.s.w.s.m.m.a.RequestMappingHandlerMapping - Mapped to com.cosek.edms.directory.DirectoryController#getAllDirectories() [user=]
2024-08-26 16:43:09 [http-nio-7777-exec-2] DEBUG o.s.w.s.m.m.a.RequestResponseBodyMethodProcessor - Using 'application/json', given [application/json, text/plain, */*] and supported [application/json, application/*+json] [user=]
2024-08-26 16:43:09 [http-nio-7777-exec-1] DEBUG o.s.w.s.m.m.a.RequestResponseBodyMethodProcessor - Using 'application/json', given [application/json, text/plain, */*] and supported [application/json, application/*+json] [user=]
2024-08-26 16:43:09 [http-nio-7777-exec-2] DEBUG o.s.w.s.m.m.a.RequestResponseBodyMethodProcessor - Writing [[Folders [FolderID=1, Name=Pdfs, ParentFolderID=1], Folders [FolderID=2, Name=Videos, ParentFolderID (truncated)...] [user=]
2024-08-26 16:43:09 [http-nio-7777-exec-1] DEBUG o.s.w.s.m.m.a.RequestResponseBodyMethodProcessor - Writing [[Folders [FolderID=1, Name=Pdfs, ParentFolderID=1], Folders [FolderID=2, Name=Videos, ParentFolderID (truncated)...] [user=]
2024-08-26 16:43:09 [http-nio-7777-exec-1] DEBUG o.s.web.servlet.DispatcherServlet - Completed 200 OK [user=]
2024-08-26 16:43:09 [http-nio-7777-exec-2] DEBUG o.s.web.servlet.DispatcherServlet - Completed 200 OK [user=]
